mode: atomic
github.com/hrygo/divinesense/plugin/ai/config.go:56.55,61.18 2 4
github.com/hrygo/divinesense/plugin/ai/config.go:61.18,63.3 1 1
github.com/hrygo/divinesense/plugin/ai/config.go:66.2,72.31 2 3
github.com/hrygo/divinesense/plugin/ai/config.go:73.21,75.49 2 1
github.com/hrygo/divinesense/plugin/ai/config.go:76.16,78.44 2 1
github.com/hrygo/divinesense/plugin/ai/config.go:79.16,80.44 1 1
github.com/hrygo/divinesense/plugin/ai/config.go:84.2,100.25 3 3
github.com/hrygo/divinesense/plugin/ai/config.go:101.18,103.40 2 1
github.com/hrygo/divinesense/plugin/ai/config.go:104.16,106.38 2 1
github.com/hrygo/divinesense/plugin/ai/config.go:107.16,108.38 1 1
github.com/hrygo/divinesense/plugin/ai/config.go:113.2,120.12 2 3
github.com/hrygo/divinesense/plugin/ai/config.go:124.35,125.16 1 7
github.com/hrygo/divinesense/plugin/ai/config.go:125.16,127.3 1 1
github.com/hrygo/divinesense/plugin/ai/config.go:129.2,129.32 1 6
github.com/hrygo/divinesense/plugin/ai/config.go:129.32,131.3 1 3
github.com/hrygo/divinesense/plugin/ai/config.go:133.2,133.66 1 3
github.com/hrygo/divinesense/plugin/ai/config.go:133.66,135.3 1 1
github.com/hrygo/divinesense/plugin/ai/config.go:137.2,137.26 1 2
github.com/hrygo/divinesense/plugin/ai/config.go:137.26,139.3 1 0
github.com/hrygo/divinesense/plugin/ai/config.go:141.2,141.54 1 2
github.com/hrygo/divinesense/plugin/ai/config.go:141.54,143.3 1 0
github.com/hrygo/divinesense/plugin/ai/config.go:145.2,145.12 1 2
github.com/hrygo/divinesense/plugin/ai/embedding.go:30.74,33.22 2 6
github.com/hrygo/divinesense/plugin/ai/embedding.go:34.21,37.24 2 2
github.com/hrygo/divinesense/plugin/ai/embedding.go:37.24,39.4 1 2
github.com/hrygo/divinesense/plugin/ai/embedding.go:41.16,43.24 2 2
github.com/hrygo/divinesense/plugin/ai/embedding.go:43.24,45.4 1 1
github.com/hrygo/divinesense/plugin/ai/embedding.go:47.10,48.77 1 2
github.com/hrygo/divinesense/plugin/ai/embedding.go:51.2,57.8 2 4
github.com/hrygo/divinesense/plugin/ai/embedding.go:60.87,62.16 2 0
github.com/hrygo/divinesense/plugin/ai/embedding.go:62.16,64.3 1 0
github.com/hrygo/divinesense/plugin/ai/embedding.go:65.2,65.23 1 0
github.com/hrygo/divinesense/plugin/ai/embedding.go:65.23,67.3 1 0
github.com/hrygo/divinesense/plugin/ai/embedding.go:68.2,68.24 1 0
github.com/hrygo/divinesense/plugin/ai/embedding.go:71.97,72.21 1 1
github.com/hrygo/divinesense/plugin/ai/embedding.go:72.21,74.3 1 1
github.com/hrygo/divinesense/plugin/ai/embedding.go:76.2,83.16 3 0
github.com/hrygo/divinesense/plugin/ai/embedding.go:83.16,85.3 1 0
github.com/hrygo/divinesense/plugin/ai/embedding.go:87.2,87.25 1 0
github.com/hrygo/divinesense/plugin/ai/embedding.go:87.25,89.3 1 0
github.com/hrygo/divinesense/plugin/ai/embedding.go:92.2,93.33 2 0
github.com/hrygo/divinesense/plugin/ai/embedding.go:93.33,95.3 1 0
github.com/hrygo/divinesense/plugin/ai/embedding.go:97.2,97.21 1 0
github.com/hrygo/divinesense/plugin/ai/embedding.go:100.45,102.2 1 1
github.com/hrygo/divinesense/plugin/ai/llm.go:66.56,69.22 2 5
github.com/hrygo/divinesense/plugin/ai/llm.go:70.18,72.20 2 2
github.com/hrygo/divinesense/plugin/ai/llm.go:72.20,74.4 1 0
github.com/hrygo/divinesense/plugin/ai/llm.go:75.3,76.33 2 2
github.com/hrygo/divinesense/plugin/ai/llm.go:78.16,80.24 2 1
github.com/hrygo/divinesense/plugin/ai/llm.go:80.24,82.4 1 1
github.com/hrygo/divinesense/plugin/ai/llm.go:84.21,86.20 2 1
github.com/hrygo/divinesense/plugin/ai/llm.go:86.20,88.4 1 0
github.com/hrygo/divinesense/plugin/ai/llm.go:89.3,90.33 2 1
github.com/hrygo/divinesense/plugin/ai/llm.go:92.10,93.71 1 1
github.com/hrygo/divinesense/plugin/ai/llm.go:96.2,103.8 2 4
github.com/hrygo/divinesense/plugin/ai/llm.go:106.84,119.16 5 0
github.com/hrygo/divinesense/plugin/ai/llm.go:119.16,121.3 1 0
github.com/hrygo/divinesense/plugin/ai/llm.go:123.2,123.28 1 0
github.com/hrygo/divinesense/plugin/ai/llm.go:123.28,125.3 1 0
github.com/hrygo/divinesense/plugin/ai/llm.go:127.2,127.45 1 0
github.com/hrygo/divinesense/plugin/ai/llm.go:130.124,136.26 4 0
github.com/hrygo/divinesense/plugin/ai/llm.go:136.26,157.3 1 0
github.com/hrygo/divinesense/plugin/ai/llm.go:162.2,163.25 2 0
github.com/hrygo/divinesense/plugin/ai/llm.go:163.25,165.3 1 0
github.com/hrygo/divinesense/plugin/ai/llm.go:167.2,176.16 3 0
github.com/hrygo/divinesense/plugin/ai/llm.go:176.16,178.3 1 0
github.com/hrygo/divinesense/plugin/ai/llm.go:180.2,180.28 1 0
github.com/hrygo/divinesense/plugin/ai/llm.go:180.28,182.3 1 0
github.com/hrygo/divinesense/plugin/ai/llm.go:184.2,189.39 3 0
github.com/hrygo/divinesense/plugin/ai/llm.go:189.39,191.47 2 0
github.com/hrygo/divinesense/plugin/ai/llm.go:191.47,200.4 1 0
github.com/hrygo/divinesense/plugin/ai/llm.go:203.2,203.22 1 0
github.com/hrygo/divinesense/plugin/ai/llm.go:206.104,210.12 3 1
github.com/hrygo/divinesense/plugin/ai/llm.go:210.12,227.17 8 1
github.com/hrygo/divinesense/plugin/ai/llm.go:227.17,229.11 2 1
github.com/hrygo/divinesense/plugin/ai/llm.go:230.64,230.64 0 0
github.com/hrygo/divinesense/plugin/ai/llm.go:231.22,231.22 0 1
github.com/hrygo/divinesense/plugin/ai/llm.go:233.4,233.10 1 1
github.com/hrygo/divinesense/plugin/ai/llm.go:235.3,238.7 3 0
github.com/hrygo/divinesense/plugin/ai/llm.go:238.7,240.18 2 0
github.com/hrygo/divinesense/plugin/ai/llm.go:240.18,241.69 1 0
github.com/hrygo/divinesense/plugin/ai/llm.go:241.69,244.6 2 0
github.com/hrygo/divinesense/plugin/ai/llm.go:245.5,246.12 2 0
github.com/hrygo/divinesense/plugin/ai/llm.go:247.63,247.63 0 0
github.com/hrygo/divinesense/plugin/ai/llm.go:248.23,248.23 0 0
github.com/hrygo/divinesense/plugin/ai/llm.go:250.5,250.11 1 0
github.com/hrygo/divinesense/plugin/ai/llm.go:253.4,253.34 1 0
github.com/hrygo/divinesense/plugin/ai/llm.go:253.34,254.13 1 0
github.com/hrygo/divinesense/plugin/ai/llm.go:257.4,258.19 2 0
github.com/hrygo/divinesense/plugin/ai/llm.go:258.19,260.12 2 0
github.com/hrygo/divinesense/plugin/ai/llm.go:261.31,261.31 0 0
github.com/hrygo/divinesense/plugin/ai/llm.go:262.23,264.12 2 0
github.com/hrygo/divinesense/plugin/ai/llm.go:269.4,269.46 1 0
github.com/hrygo/divinesense/plugin/ai/llm.go:269.46,272.5 2 0
github.com/hrygo/divinesense/plugin/ai/llm.go:276.2,276.29 1 1
github.com/hrygo/divinesense/plugin/ai/llm.go:279.73,281.29 2 2
github.com/hrygo/divinesense/plugin/ai/llm.go:281.29,282.17 1 5
github.com/hrygo/divinesense/plugin/ai/llm.go:283.17,287.5 1 1
github.com/hrygo/divinesense/plugin/ai/llm.go:288.15,292.5 1 3
github.com/hrygo/divinesense/plugin/ai/llm.go:293.20,297.5 1 1
github.com/hrygo/divinesense/plugin/ai/llm.go:298.11,303.5 1 0
github.com/hrygo/divinesense/plugin/ai/llm.go:306.2,306.20 1 2
github.com/hrygo/divinesense/plugin/ai/llm.go:310.43,312.2 1 2
github.com/hrygo/divinesense/plugin/ai/llm.go:315.42,317.2 1 2
github.com/hrygo/divinesense/plugin/ai/llm.go:320.47,322.2 1 1
github.com/hrygo/divinesense/plugin/ai/llm.go:325.91,327.24 2 1
github.com/hrygo/divinesense/plugin/ai/llm.go:327.24,329.3 1 1
github.com/hrygo/divinesense/plugin/ai/llm.go:330.2,332.17 3 1
github.com/hrygo/divinesense/plugin/ai/reranker.go:38.62,53.2 1 4
github.com/hrygo/divinesense/plugin/ai/reranker.go:55.44,57.2 1 3
github.com/hrygo/divinesense/plugin/ai/reranker.go:59.123,60.16 1 1
github.com/hrygo/divinesense/plugin/ai/reranker.go:60.16,63.28 2 1
github.com/hrygo/divinesense/plugin/ai/reranker.go:63.28,65.4 1 3
github.com/hrygo/divinesense/plugin/ai/reranker.go:66.3,66.38 1 1
github.com/hrygo/divinesense/plugin/ai/reranker.go:66.38,68.4 1 1
github.com/hrygo/divinesense/plugin/ai/reranker.go:69.3,69.22 1 0
github.com/hrygo/divinesense/plugin/ai/reranker.go:73.2,81.16 3 0
github.com/hrygo/divinesense/plugin/ai/reranker.go:81.16,83.3 1 0
github.com/hrygo/divinesense/plugin/ai/reranker.go:85.2,86.16 2 0
github.com/hrygo/divinesense/plugin/ai/reranker.go:86.16,88.3 1 0
github.com/hrygo/divinesense/plugin/ai/reranker.go:90.2,94.16 4 0
github.com/hrygo/divinesense/plugin/ai/reranker.go:94.16,96.3 1 0
github.com/hrygo/divinesense/plugin/ai/reranker.go:97.2,99.38 2 0
github.com/hrygo/divinesense/plugin/ai/reranker.go:99.38,102.3 2 0
github.com/hrygo/divinesense/plugin/ai/reranker.go:104.2,111.67 2 0
github.com/hrygo/divinesense/plugin/ai/reranker.go:111.67,113.3 1 0
github.com/hrygo/divinesense/plugin/ai/reranker.go:115.2,116.35 2 0
github.com/hrygo/divinesense/plugin/ai/reranker.go:116.35,118.3 1 0
github.com/hrygo/divinesense/plugin/ai/reranker.go:121.2,121.42 1 0
github.com/hrygo/divinesense/plugin/ai/reranker.go:121.42,123.3 1 0
github.com/hrygo/divinesense/plugin/ai/reranker.go:125.2,125.21 1 0
github.com/hrygo/divinesense/plugin/ai/aitime/mock.go:19.44,21.2 1 1
github.com/hrygo/divinesense/plugin/ai/aitime/mock.go:24.108,26.16 2 7
github.com/hrygo/divinesense/plugin/ai/aitime/mock.go:26.16,28.3 1 1
github.com/hrygo/divinesense/plugin/ai/aitime/mock.go:30.2,45.33 4 7
github.com/hrygo/divinesense/plugin/ai/aitime/mock.go:45.33,46.69 1 51
github.com/hrygo/divinesense/plugin/ai/aitime/mock.go:46.69,48.49 1 3
github.com/hrygo/divinesense/plugin/ai/aitime/mock.go:48.49,51.5 1 2
github.com/hrygo/divinesense/plugin/ai/aitime/mock.go:52.4,52.17 1 1
github.com/hrygo/divinesense/plugin/ai/aitime/mock.go:57.2,57.44 1 4
github.com/hrygo/divinesense/plugin/ai/aitime/mock.go:61.119,66.43 2 11
github.com/hrygo/divinesense/plugin/ai/aitime/mock.go:66.43,70.4 3 2
github.com/hrygo/divinesense/plugin/ai/aitime/mock.go:71.43,75.4 3 3
github.com/hrygo/divinesense/plugin/ai/aitime/mock.go:76.43,80.4 3 0
github.com/hrygo/divinesense/plugin/ai/aitime/mock.go:81.43,85.4 3 0
github.com/hrygo/divinesense/plugin/ai/aitime/mock.go:86.43,88.20 2 2
github.com/hrygo/divinesense/plugin/ai/aitime/mock.go:88.20,90.5 1 0
github.com/hrygo/divinesense/plugin/ai/aitime/mock.go:91.4,93.44 3 2
github.com/hrygo/divinesense/plugin/ai/aitime/mock.go:95.43,97.20 2 2
github.com/hrygo/divinesense/plugin/ai/aitime/mock.go:97.20,99.5 1 0
github.com/hrygo/divinesense/plugin/ai/aitime/mock.go:100.4,102.44 3 2
github.com/hrygo/divinesense/plugin/ai/aitime/mock.go:104.43,106.20 2 0
github.com/hrygo/divinesense/plugin/ai/aitime/mock.go:106.20,108.5 1 0
github.com/hrygo/divinesense/plugin/ai/aitime/mock.go:109.4,111.44 3 0
github.com/hrygo/divinesense/plugin/ai/aitime/mock.go:113.46,117.4 3 2
github.com/hrygo/divinesense/plugin/ai/aitime/mock.go:118.46,122.4 3 0
github.com/hrygo/divinesense/plugin/ai/aitime/mock.go:125.2,125.36 1 11
github.com/hrygo/divinesense/plugin/ai/aitime/mock.go:125.36,126.39 1 48
github.com/hrygo/divinesense/plugin/ai/aitime/mock.go:126.39,128.4 1 11
github.com/hrygo/divinesense/plugin/ai/aitime/mock.go:132.2,133.16 2 0
github.com/hrygo/divinesense/plugin/ai/aitime/mock.go:133.16,136.3 1 0
github.com/hrygo/divinesense/plugin/ai/aitime/mock.go:138.2,138.78 1 0
github.com/hrygo/divinesense/plugin/ai/aitime/mock.go:142.112,146.39 2 4
github.com/hrygo/divinesense/plugin/ai/aitime/mock.go:146.39,148.3 1 1
github.com/hrygo/divinesense/plugin/ai/aitime/mock.go:148.8,148.46 1 3
github.com/hrygo/divinesense/plugin/ai/aitime/mock.go:148.46,150.3 1 0
github.com/hrygo/divinesense/plugin/ai/aitime/mock.go:150.8,150.46 1 3
github.com/hrygo/divinesense/plugin/ai/aitime/mock.go:150.46,152.3 1 0
github.com/hrygo/divinesense/plugin/ai/aitime/mock.go:155.2,182.33 5 4
github.com/hrygo/divinesense/plugin/ai/aitime/mock.go:182.33,183.48 1 46
github.com/hrygo/divinesense/plugin/ai/aitime/mock.go:183.48,185.9 2 1
github.com/hrygo/divinesense/plugin/ai/aitime/mock.go:190.2,190.16 1 4
github.com/hrygo/divinesense/plugin/ai/aitime/mock.go:190.16,192.23 2 3
github.com/hrygo/divinesense/plugin/ai/aitime/mock.go:192.23,194.25 2 3
github.com/hrygo/divinesense/plugin/ai/aitime/mock.go:194.25,196.5 1 3
github.com/hrygo/divinesense/plugin/ai/aitime/mock.go:201.2,201.30 1 4
github.com/hrygo/divinesense/plugin/ai/aitime/mock.go:201.30,202.77 1 4
github.com/hrygo/divinesense/plugin/ai/aitime/mock.go:202.77,203.17 1 2
github.com/hrygo/divinesense/plugin/ai/aitime/mock.go:203.17,205.5 1 2
github.com/hrygo/divinesense/plugin/ai/aitime/mock.go:206.9,206.84 1 2
github.com/hrygo/divinesense/plugin/ai/aitime/mock.go:206.85,208.4 0 1
github.com/hrygo/divinesense/plugin/ai/aitime/mock.go:208.9,208.22 1 1
github.com/hrygo/divinesense/plugin/ai/aitime/mock.go:208.22,211.4 1 1
github.com/hrygo/divinesense/plugin/ai/aitime/mock.go:215.2,216.74 2 4
github.com/hrygo/divinesense/plugin/ai/aitime/mock.go:216.74,218.3 1 0
github.com/hrygo/divinesense/plugin/ai/aitime/mock.go:218.8,218.43 1 4
github.com/hrygo/divinesense/plugin/ai/aitime/mock.go:218.43,220.3 1 1
github.com/hrygo/divinesense/plugin/ai/aitime/mock.go:222.2,222.16 1 4
github.com/hrygo/divinesense/plugin/ai/aitime/mock.go:222.16,226.3 2 4
github.com/hrygo/divinesense/plugin/ai/aitime/mock.go:228.2,228.62 1 0
github.com/hrygo/divinesense/plugin/ai/aitime/mock.go:232.43,233.23 1 7
github.com/hrygo/divinesense/plugin/ai/aitime/mock.go:233.23,235.3 1 7
github.com/hrygo/divinesense/plugin/ai/aitime/mock.go:236.2,236.19 1 0
github.com/hrygo/divinesense/plugin/ai/aitime/parser.go:100.49,101.21 1 3
github.com/hrygo/divinesense/plugin/ai/aitime/parser.go:101.21,103.3 1 0
github.com/hrygo/divinesense/plugin/ai/aitime/parser.go:104.2,107.3 1 3
github.com/hrygo/divinesense/plugin/ai/aitime/parser.go:111.58,116.2 1 0
github.com/hrygo/divinesense/plugin/ai/aitime/parser.go:119.57,121.17 2 33
github.com/hrygo/divinesense/plugin/ai/aitime/parser.go:121.17,123.3 1 0
github.com/hrygo/divinesense/plugin/ai/aitime/parser.go:125.2,128.46 2 33
github.com/hrygo/divinesense/plugin/ai/aitime/parser.go:128.46,130.3 1 5
github.com/hrygo/divinesense/plugin/ai/aitime/parser.go:133.2,133.48 1 28
github.com/hrygo/divinesense/plugin/ai/aitime/parser.go:133.48,135.3 1 4
github.com/hrygo/divinesense/plugin/ai/aitime/parser.go:138.2,138.39 1 24
github.com/hrygo/divinesense/plugin/ai/aitime/parser.go:142.69,163.33 3 33
github.com/hrygo/divinesense/plugin/ai/aitime/parser.go:163.33,164.76 1 451
github.com/hrygo/divinesense/plugin/ai/aitime/parser.go:164.76,166.49 1 5
github.com/hrygo/divinesense/plugin/ai/aitime/parser.go:166.49,169.5 1 0
github.com/hrygo/divinesense/plugin/ai/aitime/parser.go:170.4,170.18 1 5
github.com/hrygo/divinesense/plugin/ai/aitime/parser.go:174.2,174.27 1 28
github.com/hrygo/divinesense/plugin/ai/aitime/parser.go:178.81,180.23 2 28
github.com/hrygo/divinesense/plugin/ai/aitime/parser.go:180.23,182.3 1 24
github.com/hrygo/divinesense/plugin/ai/aitime/parser.go:184.2,189.14 5 4
github.com/hrygo/divinesense/plugin/ai/aitime/parser.go:190.16,191.35 1 2
github.com/hrygo/divinesense/plugin/ai/aitime/parser.go:192.16,193.37 1 1
github.com/hrygo/divinesense/plugin/ai/aitime/parser.go:194.13,195.40 1 1
github.com/hrygo/divinesense/plugin/ai/aitime/parser.go:196.13,197.44 1 0
github.com/hrygo/divinesense/plugin/ai/aitime/parser.go:198.13,199.25 1 0
github.com/hrygo/divinesense/plugin/ai/aitime/parser.go:199.25,201.4 1 0
github.com/hrygo/divinesense/plugin/ai/aitime/parser.go:202.3,202.37 1 0
github.com/hrygo/divinesense/plugin/ai/aitime/parser.go:203.10,204.28 1 0
github.com/hrygo/divinesense/plugin/ai/aitime/parser.go:207.2,207.24 1 4
github.com/hrygo/divinesense/plugin/ai/aitime/parser.go:207.24,209.3 1 0
github.com/hrygo/divinesense/plugin/ai/aitime/parser.go:211.2,211.25 1 4
github.com/hrygo/divinesense/plugin/ai/aitime/parser.go:215.83,222.46 3 24
github.com/hrygo/divinesense/plugin/ai/aitime/parser.go:222.46,223.39 1 125
github.com/hrygo/divinesense/plugin/ai/aitime/parser.go:223.39,226.9 3 8
github.com/hrygo/divinesense/plugin/ai/aitime/parser.go:231.2,231.19 1 24
github.com/hrygo/divinesense/plugin/ai/aitime/parser.go:231.19,232.52 1 16
github.com/hrygo/divinesense/plugin/ai/aitime/parser.go:232.52,235.4 2 5
github.com/hrygo/divinesense/plugin/ai/aitime/parser.go:239.2,241.15 2 24
github.com/hrygo/divinesense/plugin/ai/aitime/parser.go:241.15,245.3 2 15
github.com/hrygo/divinesense/plugin/ai/aitime/parser.go:248.2,248.18 1 9
github.com/hrygo/divinesense/plugin/ai/aitime/parser.go:248.18,252.3 2 9
github.com/hrygo/divinesense/plugin/ai/aitime/parser.go:254.2,254.67 1 0
github.com/hrygo/divinesense/plugin/ai/aitime/parser.go:258.78,261.25 2 16
github.com/hrygo/divinesense/plugin/ai/aitime/parser.go:261.25,263.3 1 0
github.com/hrygo/divinesense/plugin/ai/aitime/parser.go:264.2,267.79 2 16
github.com/hrygo/divinesense/plugin/ai/aitime/parser.go:267.79,273.3 4 2
github.com/hrygo/divinesense/plugin/ai/aitime/parser.go:276.2,276.79 1 14
github.com/hrygo/divinesense/plugin/ai/aitime/parser.go:276.79,282.3 4 0
github.com/hrygo/divinesense/plugin/ai/aitime/parser.go:285.2,285.75 1 14
github.com/hrygo/divinesense/plugin/ai/aitime/parser.go:285.75,289.3 3 3
github.com/hrygo/divinesense/plugin/ai/aitime/parser.go:291.2,291.27 1 11
github.com/hrygo/divinesense/plugin/ai/aitime/parser.go:295.77,300.75 3 24
github.com/hrygo/divinesense/plugin/ai/aitime/parser.go:300.75,303.44 3 2
github.com/hrygo/divinesense/plugin/ai/aitime/parser.go:303.44,305.4 1 2
github.com/hrygo/divinesense/plugin/ai/aitime/parser.go:309.2,309.33 1 22
github.com/hrygo/divinesense/plugin/ai/aitime/parser.go:309.33,310.48 1 535
github.com/hrygo/divinesense/plugin/ai/aitime/parser.go:310.48,312.9 2 2
github.com/hrygo/divinesense/plugin/ai/aitime/parser.go:317.2,317.16 1 22
github.com/hrygo/divinesense/plugin/ai/aitime/parser.go:317.16,319.29 2 20
github.com/hrygo/divinesense/plugin/ai/aitime/parser.go:319.29,320.18 1 11
github.com/hrygo/divinesense/plugin/ai/aitime/parser.go:320.18,322.65 2 11
github.com/hrygo/divinesense/plugin/ai/aitime/parser.go:322.65,324.11 2 11
github.com/hrygo/divinesense/plugin/ai/aitime/parser.go:331.2,331.30 1 22
github.com/hrygo/divinesense/plugin/ai/aitime/parser.go:331.30,343.20 3 13
github.com/hrygo/divinesense/plugin/ai/aitime/parser.go:343.20,344.17 1 5
github.com/hrygo/divinesense/plugin/ai/aitime/parser.go:344.17,346.5 1 5
github.com/hrygo/divinesense/plugin/ai/aitime/parser.go:347.9,347.54 1 8
github.com/hrygo/divinesense/plugin/ai/aitime/parser.go:347.54,350.4 1 3
github.com/hrygo/divinesense/plugin/ai/aitime/parser.go:356.2,356.74 1 22
github.com/hrygo/divinesense/plugin/ai/aitime/parser.go:356.74,358.3 1 0
github.com/hrygo/divinesense/plugin/ai/aitime/parser.go:358.8,358.43 1 22
github.com/hrygo/divinesense/plugin/ai/aitime/parser.go:358.43,360.3 1 1
github.com/hrygo/divinesense/plugin/ai/aitime/parser.go:363.2,363.16 1 22
github.com/hrygo/divinesense/plugin/ai/aitime/parser.go:363.16,364.39 1 9
github.com/hrygo/divinesense/plugin/ai/aitime/parser.go:364.39,365.40 1 72
github.com/hrygo/divinesense/plugin/ai/aitime/parser.go:365.40,368.10 3 0
github.com/hrygo/divinesense/plugin/ai/aitime/parser.go:373.2,373.16 1 22
github.com/hrygo/divinesense/plugin/ai/aitime/parser.go:373.16,375.3 1 13
github.com/hrygo/divinesense/plugin/ai/aitime/parser.go:377.2,377.28 1 22
github.com/hrygo/divinesense/plugin/ai/aitime/service.go:15.50,17.16 2 2
github.com/hrygo/divinesense/plugin/ai/aitime/service.go:17.16,19.3 1 0
github.com/hrygo/divinesense/plugin/ai/aitime/service.go:20.2,22.3 1 2
github.com/hrygo/divinesense/plugin/ai/aitime/service.go:26.98,28.16 2 2
github.com/hrygo/divinesense/plugin/ai/aitime/service.go:28.16,30.3 1 0
github.com/hrygo/divinesense/plugin/ai/aitime/service.go:32.2,33.28 2 2
github.com/hrygo/divinesense/plugin/ai/aitime/service.go:37.109,40.16 2 3
github.com/hrygo/divinesense/plugin/ai/aitime/service.go:40.16,42.3 1 2
github.com/hrygo/divinesense/plugin/ai/aitime/service.go:46.2,48.30 1 1
github.com/hrygo/divinesense/plugin/ai/aitime/service.go:48.30,48.50 1 2
github.com/hrygo/divinesense/plugin/ai/aitime/service.go:50.2,51.16 2 1
github.com/hrygo/divinesense/plugin/ai/aitime/service.go:51.16,53.3 1 0
github.com/hrygo/divinesense/plugin/ai/aitime/service.go:56.2,59.8 1 1
github.com/hrygo/divinesense/plugin/ai/aitime/service.go:63.85,76.41 4 3
github.com/hrygo/divinesense/plugin/ai/aitime/service.go:76.41,77.49 1 11
github.com/hrygo/divinesense/plugin/ai/aitime/service.go:77.49,80.4 2 1
github.com/hrygo/divinesense/plugin/ai/aitime/service.go:84.2,85.18 2 2
github.com/hrygo/divinesense/plugin/ai/aitime/service.go:85.18,87.3 1 0
github.com/hrygo/divinesense/plugin/ai/aitime/service.go:88.2,100.42 3 2
github.com/hrygo/divinesense/plugin/ai/aitime/service.go:100.42,101.23 1 13
github.com/hrygo/divinesense/plugin/ai/aitime/service.go:101.23,104.4 2 1
github.com/hrygo/divinesense/plugin/ai/aitime/service.go:108.2,110.15 2 1
github.com/hrygo/divinesense/plugin/ai/aitime/service.go:111.29,113.59 2 0
github.com/hrygo/divinesense/plugin/ai/aitime/service.go:114.29,117.48 3 0
github.com/hrygo/divinesense/plugin/ai/aitime/service.go:118.29,120.55 2 0
github.com/hrygo/divinesense/plugin/ai/aitime/service.go:123.2,123.78 1 1
github.com/hrygo/divinesense/plugin/ai/context/budget.go:31.44,37.2 1 5
github.com/hrygo/divinesense/plugin/ai/context/budget.go:40.79,41.16 1 8
github.com/hrygo/divinesense/plugin/ai/context/budget.go:41.16,43.3 1 1
github.com/hrygo/divinesense/plugin/ai/context/budget.go:45.2,53.18 3 8
github.com/hrygo/divinesense/plugin/ai/context/budget.go:53.18,59.3 3 3
github.com/hrygo/divinesense/plugin/ai/context/budget.go:59.8,65.3 3 5
github.com/hrygo/divinesense/plugin/ai/context/budget.go:67.2,67.15 1 8
github.com/hrygo/divinesense/plugin/ai/context/budget.go:71.64,73.2 1 3
github.com/hrygo/divinesense/plugin/ai/context/builder_impl.go:54.29,61.2 1 2
github.com/hrygo/divinesense/plugin/ai/context/builder_impl.go:64.38,65.23 1 2
github.com/hrygo/divinesense/plugin/ai/context/builder_impl.go:65.23,67.3 1 0
github.com/hrygo/divinesense/plugin/ai/context/builder_impl.go:68.2,68.26 1 2
github.com/hrygo/divinesense/plugin/ai/context/builder_impl.go:68.26,70.3 1 0
github.com/hrygo/divinesense/plugin/ai/context/builder_impl.go:71.2,71.24 1 2
github.com/hrygo/divinesense/plugin/ai/context/builder_impl.go:71.24,73.3 1 0
github.com/hrygo/divinesense/plugin/ai/context/builder_impl.go:75.2,81.3 1 2
github.com/hrygo/divinesense/plugin/ai/context/builder_impl.go:85.67,88.2 2 0
github.com/hrygo/divinesense/plugin/ai/context/builder_impl.go:91.69,94.2 2 0
github.com/hrygo/divinesense/plugin/ai/context/builder_impl.go:97.73,100.2 2 0
github.com/hrygo/divinesense/plugin/ai/context/builder_impl.go:103.55,106.2 2 0
github.com/hrygo/divinesense/plugin/ai/context/builder_impl.go:109.91,114.24 3 5
github.com/hrygo/divinesense/plugin/ai/context/builder_impl.go:114.24,116.3 1 4
github.com/hrygo/divinesense/plugin/ai/context/builder_impl.go:119.2,135.53 6 5
github.com/hrygo/divinesense/plugin/ai/context/builder_impl.go:135.53,137.17 2 0
github.com/hrygo/divinesense/plugin/ai/context/builder_impl.go:137.17,139.4 1 0
github.com/hrygo/divinesense/plugin/ai/context/builder_impl.go:140.3,140.24 1 0
github.com/hrygo/divinesense/plugin/ai/context/builder_impl.go:140.24,144.23 2 0
github.com/hrygo/divinesense/plugin/ai/context/builder_impl.go:144.23,152.5 2 0
github.com/hrygo/divinesense/plugin/ai/context/builder_impl.go:155.4,155.22 1 0
github.com/hrygo/divinesense/plugin/ai/context/builder_impl.go:155.22,163.5 2 0
github.com/hrygo/divinesense/plugin/ai/context/builder_impl.go:168.2,168.20 1 5
github.com/hrygo/divinesense/plugin/ai/context/builder_impl.go:168.20,170.17 2 2
github.com/hrygo/divinesense/plugin/ai/context/builder_impl.go:170.17,172.4 1 0
github.com/hrygo/divinesense/plugin/ai/context/builder_impl.go:173.3,173.25 1 2
github.com/hrygo/divinesense/plugin/ai/context/builder_impl.go:173.25,175.37 1 2
github.com/hrygo/divinesense/plugin/ai/context/builder_impl.go:175.37,183.5 2 0
github.com/hrygo/divinesense/plugin/ai/context/builder_impl.go:186.4,186.38 1 2
github.com/hrygo/divinesense/plugin/ai/context/builder_impl.go:186.38,188.24 2 0
github.com/hrygo/divinesense/plugin/ai/context/builder_impl.go:188.24,195.6 1 0
github.com/hrygo/divinesense/plugin/ai/context/builder_impl.go:201.2,201.18 1 5
github.com/hrygo/divinesense/plugin/ai/context/builder_impl.go:201.18,209.3 2 1
github.com/hrygo/divinesense/plugin/ai/context/builder_impl.go:213.2,223.20 6 5
github.com/hrygo/divinesense/plugin/ai/context/builder_impl.go:227.44,229.17 2 1
github.com/hrygo/divinesense/plugin/ai/context/builder_impl.go:229.17,231.3 1 0
github.com/hrygo/divinesense/plugin/ai/context/builder_impl.go:233.2,238.3 1 1
github.com/hrygo/divinesense/plugin/ai/context/builder_impl.go:242.62,243.19 1 5
github.com/hrygo/divinesense/plugin/ai/context/builder_impl.go:244.14,246.77 1 2
github.com/hrygo/divinesense/plugin/ai/context/builder_impl.go:247.18,249.68 1 0
github.com/hrygo/divinesense/plugin/ai/context/builder_impl.go:250.17,252.44 1 0
github.com/hrygo/divinesense/plugin/ai/context/builder_impl.go:253.10,255.62 1 3
github.com/hrygo/divinesense/plugin/ai/context/builder_impl.go:260.68,261.23 1 1
github.com/hrygo/divinesense/plugin/ai/context/builder_impl.go:261.23,263.3 1 0
github.com/hrygo/divinesense/plugin/ai/context/builder_impl.go:265.2,268.31 3 1
github.com/hrygo/divinesense/plugin/ai/context/builder_impl.go:268.31,269.13 1 2
github.com/hrygo/divinesense/plugin/ai/context/builder_impl.go:269.13,270.9 1 0
github.com/hrygo/divinesense/plugin/ai/context/builder_impl.go:272.3,272.61 1 2
github.com/hrygo/divinesense/plugin/ai/context/builder_impl.go:275.2,275.20 1 1
github.com/hrygo/divinesense/plugin/ai/context/builder_impl.go:279.98,286.31 3 5
github.com/hrygo/divinesense/plugin/ai/context/builder_impl.go:286.31,287.21 1 6
github.com/hrygo/divinesense/plugin/ai/context/builder_impl.go:288.17,290.54 2 5
github.com/hrygo/divinesense/plugin/ai/context/builder_impl.go:291.21,293.58 2 0
github.com/hrygo/divinesense/plugin/ai/context/builder_impl.go:294.20,296.57 2 0
github.com/hrygo/divinesense/plugin/ai/context/builder_impl.go:297.20,299.51 2 1
github.com/hrygo/divinesense/plugin/ai/context/builder_impl.go:300.16,302.51 2 0
github.com/hrygo/divinesense/plugin/ai/context/builder_impl.go:305.3,305.38 1 6
github.com/hrygo/divinesense/plugin/ai/context/builder_impl.go:308.2,312.15 4 5
github.com/hrygo/divinesense/plugin/ai/context/long_term.go:16.63,17.22 1 2
github.com/hrygo/divinesense/plugin/ai/context/long_term.go:17.22,19.3 1 0
github.com/hrygo/divinesense/plugin/ai/context/long_term.go:20.2,22.3 1 2
github.com/hrygo/divinesense/plugin/ai/context/long_term.go:48.29,52.29 2 2
github.com/hrygo/divinesense/plugin/ai/context/long_term.go:52.29,54.17 2 0
github.com/hrygo/divinesense/plugin/ai/context/long_term.go:54.17,57.4 1 0
github.com/hrygo/divinesense/plugin/ai/context/long_term.go:58.3,58.29 1 0
github.com/hrygo/divinesense/plugin/ai/context/long_term.go:62.2,62.25 1 2
github.com/hrygo/divinesense/plugin/ai/context/long_term.go:62.25,64.17 2 0
github.com/hrygo/divinesense/plugin/ai/context/long_term.go:64.17,67.4 1 0
github.com/hrygo/divinesense/plugin/ai/context/long_term.go:68.3,68.29 1 0
github.com/hrygo/divinesense/plugin/ai/context/long_term.go:71.2,71.20 1 2
github.com/hrygo/divinesense/plugin/ai/context/long_term.go:75.56,76.24 1 1
github.com/hrygo/divinesense/plugin/ai/context/long_term.go:76.24,78.3 1 0
github.com/hrygo/divinesense/plugin/ai/context/long_term.go:80.2,83.30 3 1
github.com/hrygo/divinesense/plugin/ai/context/long_term.go:83.30,87.3 1 2
github.com/hrygo/divinesense/plugin/ai/context/long_term.go:89.2,89.20 1 1
github.com/hrygo/divinesense/plugin/ai/context/long_term.go:93.55,94.18 1 3
github.com/hrygo/divinesense/plugin/ai/context/long_term.go:94.18,96.3 1 1
github.com/hrygo/divinesense/plugin/ai/context/long_term.go:98.2,100.26 2 2
github.com/hrygo/divinesense/plugin/ai/context/long_term.go:100.26,102.3 1 1
github.com/hrygo/divinesense/plugin/ai/context/long_term.go:103.2,103.31 1 2
github.com/hrygo/divinesense/plugin/ai/context/long_term.go:103.31,105.3 1 1
github.com/hrygo/divinesense/plugin/ai/context/long_term.go:106.2,106.35 1 2
github.com/hrygo/divinesense/plugin/ai/context/long_term.go:106.35,108.3 1 1
github.com/hrygo/divinesense/plugin/ai/context/long_term.go:109.2,109.36 1 2
github.com/hrygo/divinesense/plugin/ai/context/long_term.go:109.36,111.3 1 0
github.com/hrygo/divinesense/plugin/ai/context/long_term.go:113.2,113.21 1 2
github.com/hrygo/divinesense/plugin/ai/context/long_term.go:113.21,115.3 1 1
github.com/hrygo/divinesense/plugin/ai/context/long_term.go:117.2,117.58 1 1
github.com/hrygo/divinesense/plugin/ai/context/long_term.go:121.48,128.2 1 0
github.com/hrygo/divinesense/plugin/ai/context/priority.go:33.42,35.2 1 3
github.com/hrygo/divinesense/plugin/ai/context/priority.go:38.100,39.24 1 7
github.com/hrygo/divinesense/plugin/ai/context/priority.go:39.24,41.3 1 0
github.com/hrygo/divinesense/plugin/ai/context/priority.go:44.2,46.41 3 7
github.com/hrygo/divinesense/plugin/ai/context/priority.go:46.41,48.3 1 6
github.com/hrygo/divinesense/plugin/ai/context/priority.go:50.2,53.29 3 7
github.com/hrygo/divinesense/plugin/ai/context/priority.go:53.29,54.25 1 12
github.com/hrygo/divinesense/plugin/ai/context/priority.go:54.25,55.12 1 0
github.com/hrygo/divinesense/plugin/ai/context/priority.go:58.3,58.41 1 12
github.com/hrygo/divinesense/plugin/ai/context/priority.go:58.41,62.4 2 11
github.com/hrygo/divinesense/plugin/ai/context/priority.go:62.9,65.37 2 1
github.com/hrygo/divinesense/plugin/ai/context/priority.go:65.37,67.27 2 1
github.com/hrygo/divinesense/plugin/ai/context/priority.go:67.27,75.6 2 1
github.com/hrygo/divinesense/plugin/ai/context/priority.go:77.4,77.9 1 1
github.com/hrygo/divinesense/plugin/ai/context/priority.go:81.2,81.15 1 7
github.com/hrygo/divinesense/plugin/ai/context/priority.go:85.86,87.2 1 0
github.com/hrygo/divinesense/plugin/ai/context/priority.go:90.61,91.20 1 1
github.com/hrygo/divinesense/plugin/ai/context/priority.go:91.20,93.3 1 0
github.com/hrygo/divinesense/plugin/ai/context/priority.go:95.2,99.34 3 1
github.com/hrygo/divinesense/plugin/ai/context/priority.go:99.34,101.3 1 1
github.com/hrygo/divinesense/plugin/ai/context/priority.go:104.2,104.24 1 0
github.com/hrygo/divinesense/plugin/ai/context/priority.go:104.24,106.3 1 0
github.com/hrygo/divinesense/plugin/ai/context/priority.go:108.2,108.39 1 0
github.com/hrygo/divinesense/plugin/ai/context/priority.go:113.41,114.23 1 10
github.com/hrygo/divinesense/plugin/ai/context/priority.go:114.23,116.3 1 1
github.com/hrygo/divinesense/plugin/ai/context/priority.go:118.2,121.28 3 9
github.com/hrygo/divinesense/plugin/ai/context/priority.go:121.28,122.33 1 297
github.com/hrygo/divinesense/plugin/ai/context/priority.go:122.33,124.4 1 210
github.com/hrygo/divinesense/plugin/ai/context/priority.go:124.9,124.21 1 87
github.com/hrygo/divinesense/plugin/ai/context/priority.go:124.21,126.4 1 65
github.com/hrygo/divinesense/plugin/ai/context/priority.go:126.9,128.4 1 22
github.com/hrygo/divinesense/plugin/ai/context/priority.go:132.2,133.37 2 9
github.com/hrygo/divinesense/plugin/ai/context/priority.go:133.37,135.3 1 0
github.com/hrygo/divinesense/plugin/ai/context/priority.go:137.2,137.15 1 9
github.com/hrygo/divinesense/plugin/ai/context/short_term.go:17.62,18.19 1 2
github.com/hrygo/divinesense/plugin/ai/context/short_term.go:18.19,20.3 1 0
github.com/hrygo/divinesense/plugin/ai/context/short_term.go:21.2,23.3 1 2
github.com/hrygo/divinesense/plugin/ai/context/short_term.go:32.123,33.21 1 0
github.com/hrygo/divinesense/plugin/ai/context/short_term.go:33.21,35.3 1 0
github.com/hrygo/divinesense/plugin/ai/context/short_term.go:37.2,38.16 2 0
github.com/hrygo/divinesense/plugin/ai/context/short_term.go:38.16,40.3 1 0
github.com/hrygo/divinesense/plugin/ai/context/short_term.go:43.2,43.43 1 0
github.com/hrygo/divinesense/plugin/ai/context/short_term.go:43.43,45.3 1 0
github.com/hrygo/divinesense/plugin/ai/context/short_term.go:47.2,47.22 1 0
github.com/hrygo/divinesense/plugin/ai/context/short_term.go:51.53,52.24 1 1
github.com/hrygo/divinesense/plugin/ai/context/short_term.go:52.24,54.3 1 0
github.com/hrygo/divinesense/plugin/ai/context/short_term.go:56.2,59.31 3 1
github.com/hrygo/divinesense/plugin/ai/context/short_term.go:59.31,60.19 1 3
github.com/hrygo/divinesense/plugin/ai/context/short_term.go:61.15,62.60 1 2
github.com/hrygo/divinesense/plugin/ai/context/short_term.go:63.20,64.60 1 1
github.com/hrygo/divinesense/plugin/ai/context/short_term.go:65.11,66.66 1 0
github.com/hrygo/divinesense/plugin/ai/context/short_term.go:70.2,70.20 1 1
github.com/hrygo/divinesense/plugin/ai/context/short_term.go:74.86,75.34 1 1
github.com/hrygo/divinesense/plugin/ai/context/short_term.go:75.34,77.3 1 0
github.com/hrygo/divinesense/plugin/ai/context/short_term.go:79.2,80.49 2 1
github.com/hrygo/divinesense/plugin/ai/graph/builder.go:26.97,33.2 1 0
github.com/hrygo/divinesense/plugin/ai/graph/builder.go:36.127,43.2 1 0
github.com/hrygo/divinesense/plugin/ai/graph/builder.go:46.90,54.16 4 0
github.com/hrygo/divinesense/plugin/ai/graph/builder.go:54.16,56.3 1 0
github.com/hrygo/divinesense/plugin/ai/graph/builder.go:58.2,58.21 1 0
github.com/hrygo/divinesense/plugin/ai/graph/builder.go:58.21,61.3 2 0
github.com/hrygo/divinesense/plugin/ai/graph/builder.go:64.2,66.29 3 0
github.com/hrygo/divinesense/plugin/ai/graph/builder.go:66.29,77.3 4 0
github.com/hrygo/divinesense/plugin/ai/graph/builder.go:81.2,96.29 10 0
github.com/hrygo/divinesense/plugin/ai/graph/builder.go:96.29,98.3 1 0
github.com/hrygo/divinesense/plugin/ai/graph/builder.go:101.2,101.39 1 0
github.com/hrygo/divinesense/plugin/ai/graph/builder.go:101.39,104.3 2 0
github.com/hrygo/divinesense/plugin/ai/graph/builder.go:107.2,111.19 4 0
github.com/hrygo/divinesense/plugin/ai/graph/builder.go:116.133,121.16 3 0
github.com/hrygo/divinesense/plugin/ai/graph/builder.go:121.16,124.3 2 0
github.com/hrygo/divinesense/plugin/ai/graph/builder.go:127.2,128.32 2 0
github.com/hrygo/divinesense/plugin/ai/graph/builder.go:128.32,133.41 3 0
github.com/hrygo/divinesense/plugin/ai/graph/builder.go:133.41,134.12 1 0
github.com/hrygo/divinesense/plugin/ai/graph/builder.go:138.3,140.40 3 0
github.com/hrygo/divinesense/plugin/ai/graph/builder.go:140.40,141.12 1 0
github.com/hrygo/divinesense/plugin/ai/graph/builder.go:143.3,150.5 2 0
github.com/hrygo/divinesense/plugin/ai/graph/builder.go:153.2,153.14 1 0
github.com/hrygo/divinesense/plugin/ai/graph/builder.go:157.114,162.29 3 0
github.com/hrygo/divinesense/plugin/ai/graph/builder.go:162.29,164.28 2 0
github.com/hrygo/divinesense/plugin/ai/graph/builder.go:164.28,167.4 2 0
github.com/hrygo/divinesense/plugin/ai/graph/builder.go:171.2,172.38 2 0
github.com/hrygo/divinesense/plugin/ai/graph/builder.go:172.38,173.24 1 0
github.com/hrygo/divinesense/plugin/ai/graph/builder.go:173.24,174.12 1 0
github.com/hrygo/divinesense/plugin/ai/graph/builder.go:178.3,178.38 1 0
github.com/hrygo/divinesense/plugin/ai/graph/builder.go:178.38,179.43 1 0
github.com/hrygo/divinesense/plugin/ai/graph/builder.go:179.43,184.22 3 0
github.com/hrygo/divinesense/plugin/ai/graph/builder.go:184.22,185.14 1 0
github.com/hrygo/divinesense/plugin/ai/graph/builder.go:187.5,191.37 3 0
github.com/hrygo/divinesense/plugin/ai/graph/builder.go:191.37,192.14 1 0
github.com/hrygo/divinesense/plugin/ai/graph/builder.go:195.5,196.44 2 0
github.com/hrygo/divinesense/plugin/ai/graph/builder.go:196.44,203.6 1 0
github.com/hrygo/divinesense/plugin/ai/graph/builder.go:208.2,208.14 1 0
github.com/hrygo/divinesense/plugin/ai/graph/builder.go:212.128,215.24 2 0
github.com/hrygo/divinesense/plugin/ai/graph/builder.go:215.24,217.3 1 0
github.com/hrygo/divinesense/plugin/ai/graph/builder.go:220.2,221.29 2 0
github.com/hrygo/divinesense/plugin/ai/graph/builder.go:221.29,224.70 2 0
github.com/hrygo/divinesense/plugin/ai/graph/builder.go:224.70,225.12 1 0
github.com/hrygo/divinesense/plugin/ai/graph/builder.go:229.3,234.17 2 0
github.com/hrygo/divinesense/plugin/ai/graph/builder.go:234.17,235.12 1 0
github.com/hrygo/divinesense/plugin/ai/graph/builder.go:238.3,239.34 2 0
github.com/hrygo/divinesense/plugin/ai/graph/builder.go:239.34,240.57 1 0
github.com/hrygo/divinesense/plugin/ai/graph/builder.go:240.57,241.13 1 0
github.com/hrygo/divinesense/plugin/ai/graph/builder.go:244.4,244.62 1 0
github.com/hrygo/divinesense/plugin/ai/graph/builder.go:244.62,245.13 1 0
github.com/hrygo/divinesense/plugin/ai/graph/builder.go:248.4,248.49 1 0
github.com/hrygo/divinesense/plugin/ai/graph/builder.go:248.49,249.10 1 0
github.com/hrygo/divinesense/plugin/ai/graph/builder.go:253.4,255.41 3 0
github.com/hrygo/divinesense/plugin/ai/graph/builder.go:255.41,256.13 1 0
github.com/hrygo/divinesense/plugin/ai/graph/builder.go:258.4,266.11 3 0
github.com/hrygo/divinesense/plugin/ai/graph/builder.go:270.2,270.14 1 0
github.com/hrygo/divinesense/plugin/ai/graph/builder.go:274.63,275.27 1 4
github.com/hrygo/divinesense/plugin/ai/graph/builder.go:275.27,277.3 1 1
github.com/hrygo/divinesense/plugin/ai/graph/builder.go:279.2,287.29 4 3
github.com/hrygo/divinesense/plugin/ai/graph/builder.go:287.29,289.3 1 8
github.com/hrygo/divinesense/plugin/ai/graph/builder.go:292.2,294.35 3 3
github.com/hrygo/divinesense/plugin/ai/graph/builder.go:294.35,297.3 2 5
github.com/hrygo/divinesense/plugin/ai/graph/builder.go:300.2,300.43 1 3
github.com/hrygo/divinesense/plugin/ai/graph/builder.go:300.43,302.26 2 60
github.com/hrygo/divinesense/plugin/ai/graph/builder.go:302.26,304.37 2 160
github.com/hrygo/divinesense/plugin/ai/graph/builder.go:304.37,306.22 2 100
github.com/hrygo/divinesense/plugin/ai/graph/builder.go:306.22,308.6 1 100
github.com/hrygo/divinesense/plugin/ai/graph/builder.go:310.4,310.56 1 160
github.com/hrygo/divinesense/plugin/ai/graph/builder.go:312.3,312.21 1 60
github.com/hrygo/divinesense/plugin/ai/graph/builder.go:316.2,317.31 2 3
github.com/hrygo/divinesense/plugin/ai/graph/builder.go:317.31,318.23 1 8
github.com/hrygo/divinesense/plugin/ai/graph/builder.go:318.23,320.4 1 6
github.com/hrygo/divinesense/plugin/ai/graph/builder.go:323.2,323.18 1 3
github.com/hrygo/divinesense/plugin/ai/graph/builder.go:323.18,324.30 1 3
github.com/hrygo/divinesense/plugin/ai/graph/builder.go:324.30,326.4 1 8
github.com/hrygo/divinesense/plugin/ai/graph/builder.go:332.69,333.27 1 4
github.com/hrygo/divinesense/plugin/ai/graph/builder.go:333.27,335.3 1 1
github.com/hrygo/divinesense/plugin/ai/graph/builder.go:338.2,339.35 2 3
github.com/hrygo/divinesense/plugin/ai/graph/builder.go:339.35,341.3 1 10
github.com/hrygo/divinesense/plugin/ai/graph/builder.go:344.2,345.35 2 3
github.com/hrygo/divinesense/plugin/ai/graph/builder.go:345.35,348.3 2 5
github.com/hrygo/divinesense/plugin/ai/graph/builder.go:351.2,352.46 2 3
github.com/hrygo/divinesense/plugin/ai/graph/builder.go:352.46,354.36 2 5
github.com/hrygo/divinesense/plugin/ai/graph/builder.go:354.36,355.36 1 17
github.com/hrygo/divinesense/plugin/ai/graph/builder.go:355.36,356.13 1 3
github.com/hrygo/divinesense/plugin/ai/graph/builder.go:360.4,361.48 2 14
github.com/hrygo/divinesense/plugin/ai/graph/builder.go:361.48,363.5 1 20
github.com/hrygo/divinesense/plugin/ai/graph/builder.go:366.4,368.41 3 14
github.com/hrygo/divinesense/plugin/ai/graph/builder.go:368.41,369.25 1 16
github.com/hrygo/divinesense/plugin/ai/graph/builder.go:369.25,372.6 2 14
github.com/hrygo/divinesense/plugin/ai/graph/builder.go:375.4,375.35 1 14
github.com/hrygo/divinesense/plugin/ai/graph/builder.go:375.35,378.5 2 4
github.com/hrygo/divinesense/plugin/ai/graph/builder.go:381.3,381.15 1 5
github.com/hrygo/divinesense/plugin/ai/graph/builder.go:381.15,382.9 1 3
github.com/hrygo/divinesense/plugin/ai/graph/builder.go:387.2,389.29 3 3
github.com/hrygo/divinesense/plugin/ai/graph/builder.go:389.29,391.38 2 10
github.com/hrygo/divinesense/plugin/ai/graph/builder.go:391.38,394.4 2 6
github.com/hrygo/divinesense/plugin/ai/graph/builder.go:395.3,395.45 1 10
github.com/hrygo/divinesense/plugin/ai/graph/builder.go:398.2,398.20 1 3
github.com/hrygo/divinesense/plugin/ai/graph/builder.go:402.42,404.21 2 8
github.com/hrygo/divinesense/plugin/ai/graph/builder.go:404.21,406.3 1 0
github.com/hrygo/divinesense/plugin/ai/graph/builder.go:407.2,408.36 2 8
github.com/hrygo/divinesense/plugin/ai/graph/builder.go:408.36,410.3 1 7
github.com/hrygo/divinesense/plugin/ai/graph/builder.go:411.2,414.21 3 8
github.com/hrygo/divinesense/plugin/ai/graph/builder.go:414.21,416.3 1 1
github.com/hrygo/divinesense/plugin/ai/graph/builder.go:417.2,417.14 1 7
github.com/hrygo/divinesense/plugin/ai/graph/builder.go:421.45,422.40 1 0
github.com/hrygo/divinesense/plugin/ai/graph/builder.go:422.40,424.3 1 0
github.com/hrygo/divinesense/plugin/ai/graph/builder.go:425.2,425.26 1 0
github.com/hrygo/divinesense/plugin/ai/graph/builder.go:429.93,433.2 1 0
github.com/hrygo/divinesense/plugin/ai/graph/builder.go:436.121,438.16 2 0
github.com/hrygo/divinesense/plugin/ai/graph/builder.go:438.16,440.3 1 0
github.com/hrygo/divinesense/plugin/ai/graph/builder.go:442.2,442.40 1 0
github.com/hrygo/divinesense/plugin/ai/graph/builder.go:455.77,456.18 1 7
github.com/hrygo/divinesense/plugin/ai/graph/builder.go:456.18,458.3 1 1
github.com/hrygo/divinesense/plugin/ai/graph/builder.go:461.2,464.35 3 6
github.com/hrygo/divinesense/plugin/ai/graph/builder.go:464.35,466.27 1 24
github.com/hrygo/divinesense/plugin/ai/graph/builder.go:466.27,468.42 2 8
github.com/hrygo/divinesense/plugin/ai/graph/builder.go:468.42,469.39 1 8
github.com/hrygo/divinesense/plugin/ai/graph/builder.go:469.39,470.47 1 12
github.com/hrygo/divinesense/plugin/ai/graph/builder.go:470.47,472.12 2 4
github.com/hrygo/divinesense/plugin/ai/graph/builder.go:475.5,475.15 1 8
github.com/hrygo/divinesense/plugin/ai/graph/builder.go:475.15,476.11 1 4
github.com/hrygo/divinesense/plugin/ai/graph/builder.go:479.4,479.15 1 8
github.com/hrygo/divinesense/plugin/ai/graph/builder.go:479.15,480.13 1 4
github.com/hrygo/divinesense/plugin/ai/graph/builder.go:485.3,485.45 1 20
github.com/hrygo/divinesense/plugin/ai/graph/builder.go:485.45,486.12 1 3
github.com/hrygo/divinesense/plugin/ai/graph/builder.go:490.3,490.31 1 17
github.com/hrygo/divinesense/plugin/ai/graph/builder.go:490.31,492.38 2 8
github.com/hrygo/divinesense/plugin/ai/graph/builder.go:492.38,493.26 1 11
github.com/hrygo/divinesense/plugin/ai/graph/builder.go:493.26,495.11 2 4
github.com/hrygo/divinesense/plugin/ai/graph/builder.go:498.4,498.14 1 8
github.com/hrygo/divinesense/plugin/ai/graph/builder.go:498.14,499.13 1 4
github.com/hrygo/divinesense/plugin/ai/graph/builder.go:504.3,504.74 1 13
github.com/hrygo/divinesense/plugin/ai/graph/builder.go:504.74,505.12 1 0
github.com/hrygo/divinesense/plugin/ai/graph/builder.go:507.3,507.69 1 13
github.com/hrygo/divinesense/plugin/ai/graph/builder.go:507.69,508.12 1 0
github.com/hrygo/divinesense/plugin/ai/graph/builder.go:511.3,512.26 2 13
github.com/hrygo/divinesense/plugin/ai/graph/builder.go:516.2,518.35 3 6
github.com/hrygo/divinesense/plugin/ai/graph/builder.go:518.35,519.51 1 12
github.com/hrygo/divinesense/plugin/ai/graph/builder.go:519.51,521.21 2 5
github.com/hrygo/divinesense/plugin/ai/graph/builder.go:522.22,523.16 1 0
github.com/hrygo/divinesense/plugin/ai/graph/builder.go:524.23,525.15 1 4
github.com/hrygo/divinesense/plugin/ai/graph/builder.go:526.26,527.20 1 1
github.com/hrygo/divinesense/plugin/ai/graph/builder.go:533.2,534.37 2 6
github.com/hrygo/divinesense/plugin/ai/graph/builder.go:534.37,536.3 1 13
github.com/hrygo/divinesense/plugin/ai/graph/builder.go:539.2,539.48 1 6
github.com/hrygo/divinesense/plugin/ai/graph/builder.go:539.48,541.3 1 8
github.com/hrygo/divinesense/plugin/ai/graph/builder.go:543.2,555.3 1 6
github.com/hrygo/divinesense/plugin/ai/graph/model.go:75.34,83.2 1 9
github.com/hrygo/divinesense/plugin/ai/duplicate/detector_impl.go:26.106,33.2 1 0
github.com/hrygo/divinesense/plugin/ai/duplicate/detector_impl.go:36.134,43.2 1 0
github.com/hrygo/divinesense/plugin/ai/duplicate/detector_impl.go:45.102,49.19 3 0
github.com/hrygo/divinesense/plugin/ai/duplicate/detector_impl.go:49.19,51.3 1 0
github.com/hrygo/divinesense/plugin/ai/duplicate/detector_impl.go:54.2,56.16 3 0
github.com/hrygo/divinesense/plugin/ai/duplicate/detector_impl.go:56.16,61.3 3 0
github.com/hrygo/divinesense/plugin/ai/duplicate/detector_impl.go:64.2,69.16 2 0
github.com/hrygo/divinesense/plugin/ai/duplicate/detector_impl.go:69.16,73.3 3 0
github.com/hrygo/divinesense/plugin/ai/duplicate/detector_impl.go:75.2,75.26 1 0
github.com/hrygo/divinesense/plugin/ai/duplicate/detector_impl.go:75.26,78.3 2 0
github.com/hrygo/divinesense/plugin/ai/duplicate/detector_impl.go:81.2,84.39 3 0
github.com/hrygo/divinesense/plugin/ai/duplicate/detector_impl.go:84.39,85.28 1 0
github.com/hrygo/divinesense/plugin/ai/duplicate/detector_impl.go:85.28,86.12 1 0
github.com/hrygo/divinesense/plugin/ai/duplicate/detector_impl.go:90.3,91.42 2 0
github.com/hrygo/divinesense/plugin/ai/duplicate/detector_impl.go:91.42,94.4 1 0
github.com/hrygo/divinesense/plugin/ai/duplicate/detector_impl.go:97.3,100.40 2 0
github.com/hrygo/divinesense/plugin/ai/duplicate/detector_impl.go:100.40,102.4 1 0
github.com/hrygo/divinesense/plugin/ai/duplicate/detector_impl.go:102.9,104.4 1 0
github.com/hrygo/divinesense/plugin/ai/duplicate/detector_impl.go:107.3,117.32 6 0
github.com/hrygo/divinesense/plugin/ai/duplicate/detector_impl.go:117.32,119.35 2 0
github.com/hrygo/divinesense/plugin/ai/duplicate/detector_impl.go:119.35,121.5 1 0
github.com/hrygo/divinesense/plugin/ai/duplicate/detector_impl.go:123.4,132.6 1 0
github.com/hrygo/divinesense/plugin/ai/duplicate/detector_impl.go:137.2,137.47 1 0
github.com/hrygo/divinesense/plugin/ai/duplicate/detector_impl.go:137.47,139.3 1 0
github.com/hrygo/divinesense/plugin/ai/duplicate/detector_impl.go:142.2,142.35 1 0
github.com/hrygo/divinesense/plugin/ai/duplicate/detector_impl.go:142.35,143.31 1 0
github.com/hrygo/divinesense/plugin/ai/duplicate/detector_impl.go:143.31,146.4 2 0
github.com/hrygo/divinesense/plugin/ai/duplicate/detector_impl.go:146.9,149.4 2 0
github.com/hrygo/divinesense/plugin/ai/duplicate/detector_impl.go:153.2,153.41 1 0
github.com/hrygo/divinesense/plugin/ai/duplicate/detector_impl.go:153.41,155.3 1 0
github.com/hrygo/divinesense/plugin/ai/duplicate/detector_impl.go:156.2,156.38 1 0
github.com/hrygo/divinesense/plugin/ai/duplicate/detector_impl.go:156.38,158.3 1 0
github.com/hrygo/divinesense/plugin/ai/duplicate/detector_impl.go:160.2,161.22 2 0
github.com/hrygo/divinesense/plugin/ai/duplicate/detector_impl.go:164.103,167.16 2 0
github.com/hrygo/divinesense/plugin/ai/duplicate/detector_impl.go:167.16,169.3 1 0
github.com/hrygo/divinesense/plugin/ai/duplicate/detector_impl.go:172.2,173.16 2 0
github.com/hrygo/divinesense/plugin/ai/duplicate/detector_impl.go:173.16,175.3 1 0
github.com/hrygo/divinesense/plugin/ai/duplicate/detector_impl.go:178.2,187.27 6 0
github.com/hrygo/divinesense/plugin/ai/duplicate/detector_impl.go:187.27,190.3 2 0
github.com/hrygo/divinesense/plugin/ai/duplicate/detector_impl.go:193.2,198.16 2 0
github.com/hrygo/divinesense/plugin/ai/duplicate/detector_impl.go:198.16,200.3 1 0
github.com/hrygo/divinesense/plugin/ai/duplicate/detector_impl.go:203.2,208.16 3 0
github.com/hrygo/divinesense/plugin/ai/duplicate/detector_impl.go:208.16,210.3 1 0
github.com/hrygo/divinesense/plugin/ai/duplicate/detector_impl.go:212.2,217.12 2 0
github.com/hrygo/divinesense/plugin/ai/duplicate/detector_impl.go:220.100,223.16 2 0
github.com/hrygo/divinesense/plugin/ai/duplicate/detector_impl.go:223.16,225.3 1 0
github.com/hrygo/divinesense/plugin/ai/duplicate/detector_impl.go:227.2,228.16 2 0
github.com/hrygo/divinesense/plugin/ai/duplicate/detector_impl.go:228.16,230.3 1 0
github.com/hrygo/divinesense/plugin/ai/duplicate/detector_impl.go:233.2,238.16 2 0
github.com/hrygo/divinesense/plugin/ai/duplicate/detector_impl.go:238.16,240.3 1 0
github.com/hrygo/divinesense/plugin/ai/duplicate/detector_impl.go:242.2,247.16 2 0
github.com/hrygo/divinesense/plugin/ai/duplicate/detector_impl.go:247.16,249.3 1 0
github.com/hrygo/divinesense/plugin/ai/duplicate/detector_impl.go:251.2,252.12 2 0
github.com/hrygo/divinesense/plugin/ai/duplicate/detector_impl.go:256.110,261.16 2 0
github.com/hrygo/divinesense/plugin/ai/duplicate/detector_impl.go:261.16,263.3 1 0
github.com/hrygo/divinesense/plugin/ai/duplicate/detector_impl.go:264.2,264.21 1 0
github.com/hrygo/divinesense/plugin/ai/duplicate/detector_impl.go:264.21,266.3 1 0
github.com/hrygo/divinesense/plugin/ai/duplicate/detector_impl.go:267.2,267.22 1 0
github.com/hrygo/divinesense/plugin/ai/duplicate/detector_impl.go:271.53,272.40 1 0
github.com/hrygo/divinesense/plugin/ai/duplicate/detector_impl.go:272.40,274.3 1 0
github.com/hrygo/divinesense/plugin/ai/duplicate/detector_impl.go:275.2,275.26 1 0
github.com/hrygo/divinesense/plugin/ai/duplicate/detector_impl.go:279.48,283.28 3 0
github.com/hrygo/divinesense/plugin/ai/duplicate/detector_impl.go:283.28,285.19 2 0
github.com/hrygo/divinesense/plugin/ai/duplicate/detector_impl.go:285.19,288.4 2 0
github.com/hrygo/divinesense/plugin/ai/duplicate/detector_impl.go:291.2,291.28 1 0
github.com/hrygo/divinesense/plugin/ai/duplicate/detector_impl.go:291.28,293.19 2 0
github.com/hrygo/divinesense/plugin/ai/duplicate/detector_impl.go:293.19,296.4 2 0
github.com/hrygo/divinesense/plugin/ai/duplicate/detector_impl.go:299.2,299.15 1 0
github.com/hrygo/divinesense/plugin/ai/duplicate/similarity.go:14.47,15.37 1 6
github.com/hrygo/divinesense/plugin/ai/duplicate/similarity.go:15.37,17.3 1 2
github.com/hrygo/divinesense/plugin/ai/duplicate/similarity.go:19.2,20.19 2 4
github.com/hrygo/divinesense/plugin/ai/duplicate/similarity.go:20.19,24.3 3 12
github.com/hrygo/divinesense/plugin/ai/duplicate/similarity.go:26.2,26.30 1 4
github.com/hrygo/divinesense/plugin/ai/duplicate/similarity.go:26.30,28.3 1 0
github.com/hrygo/divinesense/plugin/ai/duplicate/similarity.go:30.2,30.59 1 4
github.com/hrygo/divinesense/plugin/ai/duplicate/similarity.go:34.53,35.40 1 6
github.com/hrygo/divinesense/plugin/ai/duplicate/similarity.go:35.40,37.3 1 1
github.com/hrygo/divinesense/plugin/ai/duplicate/similarity.go:40.2,41.28 2 5
github.com/hrygo/divinesense/plugin/ai/duplicate/similarity.go:41.28,43.3 1 9
github.com/hrygo/divinesense/plugin/ai/duplicate/similarity.go:45.2,46.28 2 5
github.com/hrygo/divinesense/plugin/ai/duplicate/similarity.go:46.28,48.3 1 8
github.com/hrygo/divinesense/plugin/ai/duplicate/similarity.go:51.2,52.24 2 5
github.com/hrygo/divinesense/plugin/ai/duplicate/similarity.go:52.24,53.16 1 9
github.com/hrygo/divinesense/plugin/ai/duplicate/similarity.go:53.16,55.4 1 5
github.com/hrygo/divinesense/plugin/ai/duplicate/similarity.go:59.2,60.16 2 5
github.com/hrygo/divinesense/plugin/ai/duplicate/similarity.go:60.16,62.3 1 0
github.com/hrygo/divinesense/plugin/ai/duplicate/similarity.go:64.2,64.47 1 5
github.com/hrygo/divinesense/plugin/ai/duplicate/similarity.go:69.62,71.18 2 4
github.com/hrygo/divinesense/plugin/ai/duplicate/similarity.go:71.18,73.3 1 0
github.com/hrygo/divinesense/plugin/ai/duplicate/similarity.go:76.2,76.44 1 4
github.com/hrygo/divinesense/plugin/ai/duplicate/similarity.go:80.53,82.28 2 3
github.com/hrygo/divinesense/plugin/ai/duplicate/similarity.go:82.28,84.3 1 6
github.com/hrygo/divinesense/plugin/ai/duplicate/similarity.go:86.2,88.28 3 3
github.com/hrygo/divinesense/plugin/ai/duplicate/similarity.go:88.28,90.33 2 6
github.com/hrygo/divinesense/plugin/ai/duplicate/similarity.go:90.33,93.4 2 3
github.com/hrygo/divinesense/plugin/ai/duplicate/similarity.go:96.2,96.15 1 3
github.com/hrygo/divinesense/plugin/ai/duplicate/similarity.go:100.67,102.2 1 3
github.com/hrygo/divinesense/plugin/ai/duplicate/similarity.go:105.50,107.26 2 9
github.com/hrygo/divinesense/plugin/ai/duplicate/similarity.go:107.26,109.3 1 6
github.com/hrygo/divinesense/plugin/ai/duplicate/similarity.go:110.2,110.39 1 3
github.com/hrygo/divinesense/plugin/ai/duplicate/similarity.go:114.42,116.21 2 5
github.com/hrygo/divinesense/plugin/ai/duplicate/similarity.go:116.21,118.3 1 0
github.com/hrygo/divinesense/plugin/ai/duplicate/similarity.go:119.2,121.36 2 5
github.com/hrygo/divinesense/plugin/ai/duplicate/similarity.go:121.36,123.3 1 4
github.com/hrygo/divinesense/plugin/ai/duplicate/similarity.go:124.2,125.28 2 5
github.com/hrygo/divinesense/plugin/ai/agent/amazing_parrot.go:55.27,56.16 1 0
github.com/hrygo/divinesense/plugin/ai/agent/amazing_parrot.go:56.16,58.3 1 0
github.com/hrygo/divinesense/plugin/ai/agent/amazing_parrot.go:59.2,59.22 1 0
github.com/hrygo/divinesense/plugin/ai/agent/amazing_parrot.go:59.22,61.3 1 0
github.com/hrygo/divinesense/plugin/ai/agent/amazing_parrot.go:62.2,62.28 1 0
github.com/hrygo/divinesense/plugin/ai/agent/amazing_parrot.go:62.28,64.3 1 0
github.com/hrygo/divinesense/plugin/ai/agent/amazing_parrot.go:67.2,67.48 1 0
github.com/hrygo/divinesense/plugin/ai/agent/amazing_parrot.go:67.48,69.3 1 0
github.com/hrygo/divinesense/plugin/ai/agent/amazing_parrot.go:72.2,73.16 2 0
github.com/hrygo/divinesense/plugin/ai/agent/amazing_parrot.go:73.16,75.3 1 0
github.com/hrygo/divinesense/plugin/ai/agent/amazing_parrot.go:76.2,90.8 5 0
github.com/hrygo/divinesense/plugin/ai/agent/amazing_parrot.go:95.37,97.2 1 0
github.com/hrygo/divinesense/plugin/ai/agent/amazing_parrot.go:100.103,103.2 2 0
github.com/hrygo/divinesense/plugin/ai/agent/amazing_parrot.go:116.9,136.57 7 0
github.com/hrygo/divinesense/plugin/ai/agent/amazing_parrot.go:136.57,137.46 1 0
github.com/hrygo/divinesense/plugin/ai/agent/amazing_parrot.go:137.46,139.23 2 0
github.com/hrygo/divinesense/plugin/ai/agent/amazing_parrot.go:139.23,141.5 1 0
github.com/hrygo/divinesense/plugin/ai/agent/amazing_parrot.go:142.4,143.14 2 0
github.com/hrygo/divinesense/plugin/ai/agent/amazing_parrot.go:146.2,151.16 4 0
github.com/hrygo/divinesense/plugin/ai/agent/amazing_parrot.go:151.16,155.3 3 0
github.com/hrygo/divinesense/plugin/ai/agent/amazing_parrot.go:156.2,168.28 3 0
github.com/hrygo/divinesense/plugin/ai/agent/amazing_parrot.go:168.28,171.3 2 0
github.com/hrygo/divinesense/plugin/ai/agent/amazing_parrot.go:171.8,174.17 3 0
github.com/hrygo/divinesense/plugin/ai/agent/amazing_parrot.go:174.17,178.4 3 0
github.com/hrygo/divinesense/plugin/ai/agent/amazing_parrot.go:179.3,182.4 1 0
github.com/hrygo/divinesense/plugin/ai/agent/amazing_parrot.go:186.2,188.16 3 0
github.com/hrygo/divinesense/plugin/ai/agent/amazing_parrot.go:188.16,192.3 3 0
github.com/hrygo/divinesense/plugin/ai/agent/amazing_parrot.go:195.2,204.12 4 0
github.com/hrygo/divinesense/plugin/ai/agent/amazing_parrot.go:208.144,209.21 1 0
github.com/hrygo/divinesense/plugin/ai/agent/amazing_parrot.go:209.21,211.3 1 0
github.com/hrygo/divinesense/plugin/ai/agent/amazing_parrot.go:213.2,222.41 4 0
github.com/hrygo/divinesense/plugin/ai/agent/amazing_parrot.go:222.41,223.25 1 0
github.com/hrygo/divinesense/plugin/ai/agent/amazing_parrot.go:223.25,227.43 3 0
github.com/hrygo/divinesense/plugin/ai/agent/amazing_parrot.go:227.43,230.5 2 0
github.com/hrygo/divinesense/plugin/ai/agent/amazing_parrot.go:235.2,238.16 3 0
github.com/hrygo/divinesense/plugin/ai/agent/amazing_parrot.go:238.16,240.3 1 0
github.com/hrygo/divinesense/plugin/ai/agent/amazing_parrot.go:243.2,245.18 2 0
github.com/hrygo/divinesense/plugin/ai/agent/amazing_parrot.go:251.145,258.9 5 0
github.com/hrygo/divinesense/plugin/ai/agent/amazing_parrot.go:259.20,260.24 1 0
github.com/hrygo/divinesense/plugin/ai/agent/amazing_parrot.go:261.10,261.10 0 0
github.com/hrygo/divinesense/plugin/ai/agent/amazing_parrot.go:265.2,265.64 1 0
github.com/hrygo/divinesense/plugin/ai/agent/amazing_parrot.go:265.64,266.22 1 0
github.com/hrygo/divinesense/plugin/ai/agent/amazing_parrot.go:266.22,270.4 3 0
github.com/hrygo/divinesense/plugin/ai/agent/amazing_parrot.go:274.2,274.26 1 0
github.com/hrygo/divinesense/plugin/ai/agent/amazing_parrot.go:274.26,276.13 2 0
github.com/hrygo/divinesense/plugin/ai/agent/amazing_parrot.go:276.13,289.18 7 0
github.com/hrygo/divinesense/plugin/ai/agent/amazing_parrot.go:289.18,292.24 3 0
github.com/hrygo/divinesense/plugin/ai/agent/amazing_parrot.go:292.24,294.6 1 0
github.com/hrygo/divinesense/plugin/ai/agent/amazing_parrot.go:295.5,295.11 1 0
github.com/hrygo/divinesense/plugin/ai/agent/amazing_parrot.go:299.4,300.25 2 0
github.com/hrygo/divinesense/plugin/ai/agent/amazing_parrot.go:300.25,304.5 3 0
github.com/hrygo/divinesense/plugin/ai/agent/amazing_parrot.go:305.4,308.23 2 0
github.com/hrygo/divinesense/plugin/ai/agent/amazing_parrot.go:308.23,317.46 3 0
github.com/hrygo/divinesense/plugin/ai/agent/amazing_parrot.go:317.46,323.6 1 0
github.com/hrygo/divinesense/plugin/ai/agent/amazing_parrot.go:324.5,328.40 3 0
github.com/hrygo/divinesense/plugin/ai/agent/amazing_parrot.go:328.40,330.47 1 0
github.com/hrygo/divinesense/plugin/ai/agent/amazing_parrot.go:330.47,331.17 1 0
github.com/hrygo/divinesense/plugin/ai/agent/amazing_parrot.go:331.17,332.13 1 0
github.com/hrygo/divinesense/plugin/ai/agent/amazing_parrot.go:334.7,342.60 3 0
github.com/hrygo/divinesense/plugin/ai/agent/amazing_parrot.go:350.2,350.29 1 0
github.com/hrygo/divinesense/plugin/ai/agent/amazing_parrot.go:350.29,352.13 2 0
github.com/hrygo/divinesense/plugin/ai/agent/amazing_parrot.go:352.13,365.18 7 0
github.com/hrygo/divinesense/plugin/ai/agent/amazing_parrot.go:365.18,368.24 3 0
github.com/hrygo/divinesense/plugin/ai/agent/amazing_parrot.go:368.24,370.6 1 0
github.com/hrygo/divinesense/plugin/ai/agent/amazing_parrot.go:371.5,371.11 1 0
github.com/hrygo/divinesense/plugin/ai/agent/amazing_parrot.go:375.4,376.25 2 0
github.com/hrygo/divinesense/plugin/ai/agent/amazing_parrot.go:376.25,380.5 3 0
github.com/hrygo/divinesense/plugin/ai/agent/amazing_parrot.go:381.4,384.23 2 0
github.com/hrygo/divinesense/plugin/ai/agent/amazing_parrot.go:384.23,395.50 3 0
github.com/hrygo/divinesense/plugin/ai/agent/amazing_parrot.go:395.50,405.6 1 0
github.com/hrygo/divinesense/plugin/ai/agent/amazing_parrot.go:406.5,410.44 3 0
github.com/hrygo/divinesense/plugin/ai/agent/amazing_parrot.go:410.44,412.51 2 0
github.com/hrygo/divinesense/plugin/ai/agent/amazing_parrot.go:412.51,422.7 1 0
github.com/hrygo/divinesense/plugin/ai/agent/amazing_parrot.go:423.6,432.62 3 0
github.com/hrygo/divinesense/plugin/ai/agent/amazing_parrot.go:439.2,439.24 1 0
github.com/hrygo/divinesense/plugin/ai/agent/amazing_parrot.go:439.24,441.13 2 0
github.com/hrygo/divinesense/plugin/ai/agent/amazing_parrot.go:441.13,452.18 7 0
github.com/hrygo/divinesense/plugin/ai/agent/amazing_parrot.go:452.18,455.5 2 0
github.com/hrygo/divinesense/plugin/ai/agent/amazing_parrot.go:455.10,457.24 2 0
github.com/hrygo/divinesense/plugin/ai/agent/amazing_parrot.go:457.24,459.6 1 0
github.com/hrygo/divinesense/plugin/ai/agent/amazing_parrot.go:467.2,468.12 2 0
github.com/hrygo/divinesense/plugin/ai/agent/amazing_parrot.go:468.12,471.3 2 0
github.com/hrygo/divinesense/plugin/ai/agent/amazing_parrot.go:473.2,473.9 1 0
github.com/hrygo/divinesense/plugin/ai/agent/amazing_parrot.go:474.14,474.14 0 0
github.com/hrygo/divinesense/plugin/ai/agent/amazing_parrot.go:476.20,480.36 1 0
github.com/hrygo/divinesense/plugin/ai/agent/amazing_parrot.go:481.38,483.72 1 0
github.com/hrygo/divinesense/plugin/ai/agent/amazing_parrot.go:488.2,489.26 2 0
github.com/hrygo/divinesense/plugin/ai/agent/amazing_parrot.go:489.26,491.27 2 0
github.com/hrygo/divinesense/plugin/ai/agent/amazing_parrot.go:491.27,493.4 1 0
github.com/hrygo/divinesense/plugin/ai/agent/amazing_parrot.go:494.3,494.30 1 0
github.com/hrygo/divinesense/plugin/ai/agent/amazing_parrot.go:494.30,496.4 1 0
github.com/hrygo/divinesense/plugin/ai/agent/amazing_parrot.go:497.3,497.25 1 0
github.com/hrygo/divinesense/plugin/ai/agent/amazing_parrot.go:497.25,499.4 1 0
github.com/hrygo/divinesense/plugin/ai/agent/amazing_parrot.go:502.3,502.47 1 0
github.com/hrygo/divinesense/plugin/ai/agent/amazing_parrot.go:502.47,504.4 1 0
github.com/hrygo/divinesense/plugin/ai/agent/amazing_parrot.go:507.3,509.38 1 0
github.com/hrygo/divinesense/plugin/ai/agent/amazing_parrot.go:512.2,512.21 1 0
github.com/hrygo/divinesense/plugin/ai/agent/amazing_parrot.go:516.175,525.41 3 0
github.com/hrygo/divinesense/plugin/ai/agent/amazing_parrot.go:525.41,526.25 1 0
github.com/hrygo/divinesense/plugin/ai/agent/amazing_parrot.go:526.25,530.43 3 0
github.com/hrygo/divinesense/plugin/ai/agent/amazing_parrot.go:530.43,533.5 2 0
github.com/hrygo/divinesense/plugin/ai/agent/amazing_parrot.go:538.2,544.6 5 0
github.com/hrygo/divinesense/plugin/ai/agent/amazing_parrot.go:544.6,545.10 1 0
github.com/hrygo/divinesense/plugin/ai/agent/amazing_parrot.go:546.35,547.11 1 0
github.com/hrygo/divinesense/plugin/ai/agent/amazing_parrot.go:547.11,549.26 1 0
github.com/hrygo/divinesense/plugin/ai/agent/amazing_parrot.go:549.26,550.61 1 0
github.com/hrygo/divinesense/plugin/ai/agent/amazing_parrot.go:550.61,552.7 1 0
github.com/hrygo/divinesense/plugin/ai/agent/amazing_parrot.go:554.5,554.17 1 0
github.com/hrygo/divinesense/plugin/ai/agent/amazing_parrot.go:554.17,556.6 1 0
github.com/hrygo/divinesense/plugin/ai/agent/amazing_parrot.go:557.5,557.37 1 0
github.com/hrygo/divinesense/plugin/ai/agent/amazing_parrot.go:559.4,560.23 2 0
github.com/hrygo/divinesense/plugin/ai/agent/amazing_parrot.go:560.23,561.60 1 0
github.com/hrygo/divinesense/plugin/ai/agent/amazing_parrot.go:561.60,563.6 1 0
github.com/hrygo/divinesense/plugin/ai/agent/amazing_parrot.go:565.27,566.11 1 0
github.com/hrygo/divinesense/plugin/ai/agent/amazing_parrot.go:566.11,569.13 2 0
github.com/hrygo/divinesense/plugin/ai/agent/amazing_parrot.go:571.4,571.19 1 0
github.com/hrygo/divinesense/plugin/ai/agent/amazing_parrot.go:573.21,574.31 1 0
github.com/hrygo/divinesense/plugin/ai/agent/amazing_parrot.go:580.109,586.29 3 0
github.com/hrygo/divinesense/plugin/ai/agent/amazing_parrot.go:586.29,590.38 2 0
github.com/hrygo/divinesense/plugin/ai/agent/amazing_parrot.go:590.38,591.89 1 0
github.com/hrygo/divinesense/plugin/ai/agent/amazing_parrot.go:591.89,594.5 2 0
github.com/hrygo/divinesense/plugin/ai/agent/amazing_parrot.go:598.3,598.89 1 0
github.com/hrygo/divinesense/plugin/ai/agent/amazing_parrot.go:598.89,600.23 2 0
github.com/hrygo/divinesense/plugin/ai/agent/amazing_parrot.go:600.23,603.5 2 0
github.com/hrygo/divinesense/plugin/ai/agent/amazing_parrot.go:607.3,607.95 1 0
github.com/hrygo/divinesense/plugin/ai/agent/amazing_parrot.go:607.95,614.4 5 0
github.com/hrygo/divinesense/plugin/ai/agent/amazing_parrot.go:617.3,617.95 1 0
github.com/hrygo/divinesense/plugin/ai/agent/amazing_parrot.go:617.95,620.23 3 0
github.com/hrygo/divinesense/plugin/ai/agent/amazing_parrot.go:620.23,622.5 1 0
github.com/hrygo/divinesense/plugin/ai/agent/amazing_parrot.go:622.10,624.5 1 0
github.com/hrygo/divinesense/plugin/ai/agent/amazing_parrot.go:629.2,629.78 1 0
github.com/hrygo/divinesense/plugin/ai/agent/amazing_parrot.go:629.78,631.37 1 0
github.com/hrygo/divinesense/plugin/ai/agent/amazing_parrot.go:631.37,638.4 2 0
github.com/hrygo/divinesense/plugin/ai/agent/amazing_parrot.go:638.9,642.4 2 0
github.com/hrygo/divinesense/plugin/ai/agent/amazing_parrot.go:645.2,645.13 1 0
github.com/hrygo/divinesense/plugin/ai/agent/amazing_parrot.go:650.62,652.21 1 0
github.com/hrygo/divinesense/plugin/ai/agent/amazing_parrot.go:652.21,654.3 1 0
github.com/hrygo/divinesense/plugin/ai/agent/amazing_parrot.go:657.2,664.41 3 0
github.com/hrygo/divinesense/plugin/ai/agent/amazing_parrot.go:664.41,665.61 1 0
github.com/hrygo/divinesense/plugin/ai/agent/amazing_parrot.go:665.61,667.4 1 0
github.com/hrygo/divinesense/plugin/ai/agent/amazing_parrot.go:671.2,671.25 1 0
github.com/hrygo/divinesense/plugin/ai/agent/amazing_parrot.go:677.67,679.2 1 0
github.com/hrygo/divinesense/plugin/ai/agent/amazing_parrot.go:684.80,687.50 2 0
github.com/hrygo/divinesense/plugin/ai/agent/amazing_parrot.go:687.50,689.3 1 0
github.com/hrygo/divinesense/plugin/ai/agent/amazing_parrot.go:691.2,691.57 1 0
github.com/hrygo/divinesense/plugin/ai/agent/amazing_parrot.go:691.57,692.31 1 0
github.com/hrygo/divinesense/plugin/ai/agent/amazing_parrot.go:692.31,694.4 1 0
github.com/hrygo/divinesense/plugin/ai/agent/amazing_parrot.go:695.3,695.45 1 0
github.com/hrygo/divinesense/plugin/ai/agent/amazing_parrot.go:698.2,698.57 1 0
github.com/hrygo/divinesense/plugin/ai/agent/amazing_parrot.go:698.57,699.31 1 0
github.com/hrygo/divinesense/plugin/ai/agent/amazing_parrot.go:699.31,701.4 1 0
github.com/hrygo/divinesense/plugin/ai/agent/amazing_parrot.go:702.3,702.45 1 0
github.com/hrygo/divinesense/plugin/ai/agent/amazing_parrot.go:705.2,705.59 1 0
github.com/hrygo/divinesense/plugin/ai/agent/amazing_parrot.go:709.47,711.2 1 0
github.com/hrygo/divinesense/plugin/ai/agent/amazing_parrot.go:715.61,784.2 1 0
github.com/hrygo/divinesense/plugin/ai/agent/base_tool.go:40.52,41.27 1 0
github.com/hrygo/divinesense/plugin/ai/agent/base_tool.go:41.27,43.3 1 0
github.com/hrygo/divinesense/plugin/ai/agent/base_tool.go:48.67,49.27 1 0
github.com/hrygo/divinesense/plugin/ai/agent/base_tool.go:49.27,51.3 1 0
github.com/hrygo/divinesense/plugin/ai/agent/base_tool.go:78.13,88.27 2 0
github.com/hrygo/divinesense/plugin/ai/agent/base_tool.go:88.27,90.3 1 0
github.com/hrygo/divinesense/plugin/ai/agent/base_tool.go:92.2,92.13 1 0
github.com/hrygo/divinesense/plugin/ai/agent/base_tool.go:97.34,99.2 1 0
github.com/hrygo/divinesense/plugin/ai/agent/base_tool.go:103.41,105.2 1 0
github.com/hrygo/divinesense/plugin/ai/agent/base_tool.go:109.75,111.42 1 0
github.com/hrygo/divinesense/plugin/ai/agent/base_tool.go:111.42,113.3 1 0
github.com/hrygo/divinesense/plugin/ai/agent/base_tool.go:116.2,117.19 2 0
github.com/hrygo/divinesense/plugin/ai/agent/base_tool.go:117.19,121.3 3 0
github.com/hrygo/divinesense/plugin/ai/agent/base_tool.go:124.2,125.16 2 0
github.com/hrygo/divinesense/plugin/ai/agent/base_tool.go:125.16,127.3 1 0
github.com/hrygo/divinesense/plugin/ai/agent/base_tool.go:130.2,130.37 1 0
github.com/hrygo/divinesense/plugin/ai/agent/base_tool.go:130.37,132.3 1 0
github.com/hrygo/divinesense/plugin/ai/agent/base_tool.go:134.2,134.20 1 0
github.com/hrygo/divinesense/plugin/ai/agent/base_tool.go:139.43,141.19 2 0
github.com/hrygo/divinesense/plugin/ai/agent/base_tool.go:141.19,143.3 1 0
github.com/hrygo/divinesense/plugin/ai/agent/base_tool.go:144.2,144.12 1 0
github.com/hrygo/divinesense/plugin/ai/agent/base_tool.go:155.38,159.2 1 0
github.com/hrygo/divinesense/plugin/ai/agent/base_tool.go:163.50,164.17 1 0
github.com/hrygo/divinesense/plugin/ai/agent/base_tool.go:164.17,166.3 1 0
github.com/hrygo/divinesense/plugin/ai/agent/base_tool.go:167.2,168.16 2 0
github.com/hrygo/divinesense/plugin/ai/agent/base_tool.go:168.16,170.3 1 0
github.com/hrygo/divinesense/plugin/ai/agent/base_tool.go:171.2,171.40 1 0
github.com/hrygo/divinesense/plugin/ai/agent/base_tool.go:171.40,173.3 1 0
github.com/hrygo/divinesense/plugin/ai/agent/base_tool.go:174.2,175.12 2 0
github.com/hrygo/divinesense/plugin/ai/agent/base_tool.go:180.54,183.2 2 0
github.com/hrygo/divinesense/plugin/ai/agent/base_tool.go:187.40,189.28 2 0
github.com/hrygo/divinesense/plugin/ai/agent/base_tool.go:189.28,191.3 1 0
github.com/hrygo/divinesense/plugin/ai/agent/base_tool.go:192.2,192.14 1 0
github.com/hrygo/divinesense/plugin/ai/agent/base_tool.go:197.42,198.23 1 0
github.com/hrygo/divinesense/plugin/ai/agent/base_tool.go:198.23,200.3 1 0
github.com/hrygo/divinesense/plugin/ai/agent/base_tool.go:202.2,205.32 3 0
github.com/hrygo/divinesense/plugin/ai/agent/base_tool.go:205.32,212.3 6 0
github.com/hrygo/divinesense/plugin/ai/agent/base_tool.go:214.2,214.22 1 0
github.com/hrygo/divinesense/plugin/ai/agent/base_tool.go:219.36,221.2 1 0
github.com/hrygo/divinesense/plugin/ai/agent/base_tool.go:237.95,246.16 2 0
github.com/hrygo/divinesense/plugin/ai/agent/base_tool.go:246.16,248.3 1 0
github.com/hrygo/divinesense/plugin/ai/agent/base_tool.go:249.2,249.15 1 0
github.com/hrygo/divinesense/plugin/ai/agent/cache.go:61.63,62.21 1 0
github.com/hrygo/divinesense/plugin/ai/agent/cache.go:62.21,64.3 1 0
github.com/hrygo/divinesense/plugin/ai/agent/cache.go:66.2,71.3 1 0
github.com/hrygo/divinesense/plugin/ai/agent/cache.go:80.56,86.13 4 0
github.com/hrygo/divinesense/plugin/ai/agent/cache.go:86.13,89.3 2 0
github.com/hrygo/divinesense/plugin/ai/agent/cache.go:91.2,94.70 2 0
github.com/hrygo/divinesense/plugin/ai/agent/cache.go:94.70,99.3 3 0
github.com/hrygo/divinesense/plugin/ai/agent/cache.go:102.2,105.26 3 0
github.com/hrygo/divinesense/plugin/ai/agent/cache.go:113.55,118.44 3 0
github.com/hrygo/divinesense/plugin/ai/agent/cache.go:118.44,125.3 5 0
github.com/hrygo/divinesense/plugin/ai/agent/cache.go:128.2,139.36 4 0
github.com/hrygo/divinesense/plugin/ai/agent/cache.go:139.36,142.3 1 0
github.com/hrygo/divinesense/plugin/ai/agent/cache.go:147.39,151.44 3 0
github.com/hrygo/divinesense/plugin/ai/agent/cache.go:151.44,153.3 1 0
github.com/hrygo/divinesense/plugin/ai/agent/cache.go:158.28,166.2 6 0
github.com/hrygo/divinesense/plugin/ai/agent/cache.go:170.31,174.2 3 0
github.com/hrygo/divinesense/plugin/ai/agent/cache.go:178.39,184.15 5 0
github.com/hrygo/divinesense/plugin/ai/agent/cache.go:184.15,186.3 1 0
github.com/hrygo/divinesense/plugin/ai/agent/cache.go:188.2,194.3 1 0
github.com/hrygo/divinesense/plugin/ai/agent/cache.go:199.52,200.16 1 0
github.com/hrygo/divinesense/plugin/ai/agent/cache.go:200.16,202.3 1 0
github.com/hrygo/divinesense/plugin/ai/agent/cache.go:203.2,203.30 1 0
github.com/hrygo/divinesense/plugin/ai/agent/cache.go:208.31,210.17 2 0
github.com/hrygo/divinesense/plugin/ai/agent/cache.go:210.17,212.3 1 0
github.com/hrygo/divinesense/plugin/ai/agent/cache.go:217.54,221.2 3 0
github.com/hrygo/divinesense/plugin/ai/agent/cache.go:225.36,229.2 2 0
github.com/hrygo/divinesense/plugin/ai/agent/cache.go:239.81,243.2 1 0
github.com/hrygo/divinesense/plugin/ai/agent/cache.go:247.53,249.12 2 0
github.com/hrygo/divinesense/plugin/ai/agent/cache.go:249.12,252.3 2 0
github.com/hrygo/divinesense/plugin/ai/agent/cache.go:253.2,254.9 2 0
github.com/hrygo/divinesense/plugin/ai/agent/cache.go:254.9,257.3 2 0
github.com/hrygo/divinesense/plugin/ai/agent/cache.go:258.2,258.20 1 0
github.com/hrygo/divinesense/plugin/ai/agent/cache.go:263.52,265.2 1 0
github.com/hrygo/divinesense/plugin/ai/agent/cache.go:269.46,271.2 1 0
github.com/hrygo/divinesense/plugin/ai/agent/cache.go:275.35,277.2 1 0
github.com/hrygo/divinesense/plugin/ai/agent/cache.go:281.38,283.2 1 0
github.com/hrygo/divinesense/plugin/ai/agent/cache.go:287.46,289.2 1 0
github.com/hrygo/divinesense/plugin/ai/agent/cc_mode.go:42.46,44.2 1 0
github.com/hrygo/divinesense/plugin/ai/agent/cc_mode.go:47.34,49.2 1 0
github.com/hrygo/divinesense/plugin/ai/agent/cc_mode.go:53.66,56.2 1 0
github.com/hrygo/divinesense/plugin/ai/agent/cc_mode.go:59.52,61.16 2 0
github.com/hrygo/divinesense/plugin/ai/agent/cc_mode.go:61.16,63.3 1 0
github.com/hrygo/divinesense/plugin/ai/agent/cc_mode.go:64.2,64.89 1 0
github.com/hrygo/divinesense/plugin/ai/agent/cc_mode.go:69.77,70.17 1 0
github.com/hrygo/divinesense/plugin/ai/agent/cc_mode.go:70.17,72.3 1 0
github.com/hrygo/divinesense/plugin/ai/agent/cc_mode.go:73.2,73.12 1 0
github.com/hrygo/divinesense/plugin/ai/agent/cc_mode.go:77.58,79.2 1 0
github.com/hrygo/divinesense/plugin/ai/agent/cc_mode.go:103.64,111.25 2 0
github.com/hrygo/divinesense/plugin/ai/agent/cc_mode.go:111.25,113.3 1 0
github.com/hrygo/divinesense/plugin/ai/agent/cc_mode.go:116.2,116.27 1 0
github.com/hrygo/divinesense/plugin/ai/agent/cc_mode.go:116.27,118.3 1 0
github.com/hrygo/divinesense/plugin/ai/agent/cc_mode.go:120.2,120.13 1 0
github.com/hrygo/divinesense/plugin/ai/agent/cc_mode.go:124.39,126.2 1 0
github.com/hrygo/divinesense/plugin/ai/agent/cc_mode.go:130.71,162.2 3 0
github.com/hrygo/divinesense/plugin/ai/agent/cc_mode.go:165.57,167.2 1 0
github.com/hrygo/divinesense/plugin/ai/agent/cc_mode.go:171.82,173.19 1 0
github.com/hrygo/divinesense/plugin/ai/agent/cc_mode.go:173.19,175.3 1 0
github.com/hrygo/divinesense/plugin/ai/agent/cc_mode.go:178.2,178.44 1 0
github.com/hrygo/divinesense/plugin/ai/agent/cc_mode.go:178.44,180.3 1 0
github.com/hrygo/divinesense/plugin/ai/agent/cc_mode.go:182.2,182.12 1 0
github.com/hrygo/divinesense/plugin/ai/agent/cc_mode.go:187.73,191.2 1 0
github.com/hrygo/divinesense/plugin/ai/agent/cc_mode.go:194.63,195.28 1 0
github.com/hrygo/divinesense/plugin/ai/agent/cc_mode.go:195.28,198.3 1 0
github.com/hrygo/divinesense/plugin/ai/agent/cc_mode.go:201.2,202.16 2 0
github.com/hrygo/divinesense/plugin/ai/agent/cc_mode.go:202.16,204.3 1 0
github.com/hrygo/divinesense/plugin/ai/agent/cc_mode.go:207.2,213.16 2 0
github.com/hrygo/divinesense/plugin/ai/agent/cc_mode.go:213.16,215.3 1 0
github.com/hrygo/divinesense/plugin/ai/agent/cc_mode.go:218.2,219.19 2 0
github.com/hrygo/divinesense/plugin/ai/agent/cc_mode.go:219.19,221.3 1 0
github.com/hrygo/divinesense/plugin/ai/agent/cc_mode.go:223.2,223.12 1 0
github.com/hrygo/divinesense/plugin/ai/agent/cc_mode.go:228.57,243.44 3 0
github.com/hrygo/divinesense/plugin/ai/agent/cc_mode.go:243.44,244.38 1 0
github.com/hrygo/divinesense/plugin/ai/agent/cc_mode.go:244.38,246.4 1 0
github.com/hrygo/divinesense/plugin/ai/agent/cc_mode.go:251.2,260.48 2 0
github.com/hrygo/divinesense/plugin/ai/agent/cc_mode.go:260.48,262.43 2 0
github.com/hrygo/divinesense/plugin/ai/agent/cc_mode.go:262.43,263.65 1 0
github.com/hrygo/divinesense/plugin/ai/agent/cc_mode.go:263.65,265.10 2 0
github.com/hrygo/divinesense/plugin/ai/agent/cc_mode.go:268.3,268.13 1 0
github.com/hrygo/divinesense/plugin/ai/agent/cc_mode.go:268.13,270.4 1 0
github.com/hrygo/divinesense/plugin/ai/agent/cc_mode.go:273.2,273.12 1 0
github.com/hrygo/divinesense/plugin/ai/agent/cc_runner.go:48.81,50.16 2 0
github.com/hrygo/divinesense/plugin/ai/agent/cc_runner.go:50.16,52.3 1 0
github.com/hrygo/divinesense/plugin/ai/agent/cc_runner.go:54.2,54.19 1 0
github.com/hrygo/divinesense/plugin/ai/agent/cc_runner.go:54.19,56.3 1 0
github.com/hrygo/divinesense/plugin/ai/agent/cc_runner.go:58.2,62.8 1 0
github.com/hrygo/divinesense/plugin/ai/agent/cc_runner.go:67.115,73.46 3 0
github.com/hrygo/divinesense/plugin/ai/agent/cc_runner.go:73.46,75.3 1 0
github.com/hrygo/divinesense/plugin/ai/agent/cc_runner.go:79.2,79.55 1 0
github.com/hrygo/divinesense/plugin/ai/agent/cc_runner.go:79.55,81.3 1 0
github.com/hrygo/divinesense/plugin/ai/agent/cc_runner.go:85.2,88.15 3 0
github.com/hrygo/divinesense/plugin/ai/agent/cc_runner.go:88.15,89.55 1 0
github.com/hrygo/divinesense/plugin/ai/agent/cc_runner.go:89.55,94.4 1 0
github.com/hrygo/divinesense/plugin/ai/agent/cc_runner.go:95.3,98.32 1 0
github.com/hrygo/divinesense/plugin/ai/agent/cc_runner.go:99.8,104.3 1 0
github.com/hrygo/divinesense/plugin/ai/agent/cc_runner.go:108.2,108.21 1 0
github.com/hrygo/divinesense/plugin/ai/agent/cc_runner.go:108.21,109.99 1 0
github.com/hrygo/divinesense/plugin/ai/agent/cc_runner.go:109.99,111.4 1 0
github.com/hrygo/divinesense/plugin/ai/agent/cc_runner.go:116.2,116.84 1 0
github.com/hrygo/divinesense/plugin/ai/agent/cc_runner.go:116.84,122.3 2 0
github.com/hrygo/divinesense/plugin/ai/agent/cc_runner.go:124.2,124.12 1 0
github.com/hrygo/divinesense/plugin/ai/agent/cc_runner.go:129.62,130.20 1 0
github.com/hrygo/divinesense/plugin/ai/agent/cc_runner.go:130.20,132.3 1 0
github.com/hrygo/divinesense/plugin/ai/agent/cc_runner.go:133.2,133.23 1 0
github.com/hrygo/divinesense/plugin/ai/agent/cc_runner.go:133.23,135.3 1 0
github.com/hrygo/divinesense/plugin/ai/agent/cc_runner.go:136.2,136.25 1 0
github.com/hrygo/divinesense/plugin/ai/agent/cc_runner.go:136.25,138.3 1 0
github.com/hrygo/divinesense/plugin/ai/agent/cc_runner.go:139.2,139.21 1 0
github.com/hrygo/divinesense/plugin/ai/agent/cc_runner.go:139.21,141.3 1 0
github.com/hrygo/divinesense/plugin/ai/agent/cc_runner.go:142.2,142.12 1 0
github.com/hrygo/divinesense/plugin/ai/agent/cc_runner.go:147.56,150.2 2 0
github.com/hrygo/divinesense/plugin/ai/agent/cc_runner.go:160.9,164.24 2 0
github.com/hrygo/divinesense/plugin/ai/agent/cc_runner.go:164.24,166.3 1 0
github.com/hrygo/divinesense/plugin/ai/agent/cc_runner.go:170.2,171.15 2 0
github.com/hrygo/divinesense/plugin/ai/agent/cc_runner.go:171.15,180.3 1 0
github.com/hrygo/divinesense/plugin/ai/agent/cc_runner.go:180.8,189.3 1 0
github.com/hrygo/divinesense/plugin/ai/agent/cc_runner.go:191.2,203.16 5 0
github.com/hrygo/divinesense/plugin/ai/agent/cc_runner.go:203.16,205.3 1 0
github.com/hrygo/divinesense/plugin/ai/agent/cc_runner.go:206.2,209.16 3 0
github.com/hrygo/divinesense/plugin/ai/agent/cc_runner.go:209.16,211.3 1 0
github.com/hrygo/divinesense/plugin/ai/agent/cc_runner.go:212.2,216.36 2 0
github.com/hrygo/divinesense/plugin/ai/agent/cc_runner.go:216.36,218.3 1 0
github.com/hrygo/divinesense/plugin/ai/agent/cc_runner.go:222.2,222.75 1 0
github.com/hrygo/divinesense/plugin/ai/agent/cc_runner.go:222.75,223.25 1 0
github.com/hrygo/divinesense/plugin/ai/agent/cc_runner.go:223.25,225.4 1 0
github.com/hrygo/divinesense/plugin/ai/agent/cc_runner.go:226.3,226.13 1 0
github.com/hrygo/divinesense/plugin/ai/agent/cc_runner.go:231.2,232.20 2 0
github.com/hrygo/divinesense/plugin/ai/agent/cc_runner.go:232.20,234.30 2 0
github.com/hrygo/divinesense/plugin/ai/agent/cc_runner.go:234.30,236.4 1 0
github.com/hrygo/divinesense/plugin/ai/agent/cc_runner.go:237.3,237.74 1 0
github.com/hrygo/divinesense/plugin/ai/agent/cc_runner.go:240.2,240.12 1 0
github.com/hrygo/divinesense/plugin/ai/agent/cc_runner.go:250.9,258.12 5 0
github.com/hrygo/divinesense/plugin/ai/agent/cc_runner.go:258.12,264.22 5 0
github.com/hrygo/divinesense/plugin/ai/agent/cc_runner.go:264.22,266.18 2 0
github.com/hrygo/divinesense/plugin/ai/agent/cc_runner.go:266.18,267.13 1 0
github.com/hrygo/divinesense/plugin/ai/agent/cc_runner.go:270.4,271.61 2 0
github.com/hrygo/divinesense/plugin/ai/agent/cc_runner.go:271.61,273.43 1 0
github.com/hrygo/divinesense/plugin/ai/agent/cc_runner.go:273.43,275.6 1 0
github.com/hrygo/divinesense/plugin/ai/agent/cc_runner.go:276.5,280.24 2 0
github.com/hrygo/divinesense/plugin/ai/agent/cc_runner.go:280.24,282.6 1 0
github.com/hrygo/divinesense/plugin/ai/agent/cc_runner.go:283.5,283.13 1 0
github.com/hrygo/divinesense/plugin/ai/agent/cc_runner.go:287.4,296.23 2 0
github.com/hrygo/divinesense/plugin/ai/agent/cc_runner.go:296.23,297.61 1 0
github.com/hrygo/divinesense/plugin/ai/agent/cc_runner.go:297.61,300.6 2 0
github.com/hrygo/divinesense/plugin/ai/agent/cc_runner.go:304.4,304.51 1 0
github.com/hrygo/divinesense/plugin/ai/agent/cc_runner.go:304.51,306.5 1 0
github.com/hrygo/divinesense/plugin/ai/agent/cc_runner.go:308.3,308.25 1 0
github.com/hrygo/divinesense/plugin/ai/agent/cc_runner.go:313.2,314.12 2 0
github.com/hrygo/divinesense/plugin/ai/agent/cc_runner.go:314.12,317.22 3 0
github.com/hrygo/divinesense/plugin/ai/agent/cc_runner.go:317.22,322.4 1 0
github.com/hrygo/divinesense/plugin/ai/agent/cc_runner.go:323.3,323.25 1 0
github.com/hrygo/divinesense/plugin/ai/agent/cc_runner.go:328.2,328.12 1 0
github.com/hrygo/divinesense/plugin/ai/agent/cc_runner.go:328.12,331.3 2 0
github.com/hrygo/divinesense/plugin/ai/agent/cc_runner.go:333.2,336.9 3 0
github.com/hrygo/divinesense/plugin/ai/agent/cc_runner.go:337.14,340.26 2 0
github.com/hrygo/divinesense/plugin/ai/agent/cc_runner.go:340.26,341.11 1 0
github.com/hrygo/divinesense/plugin/ai/agent/cc_runner.go:342.24,343.19 1 0
github.com/hrygo/divinesense/plugin/ai/agent/cc_runner.go:343.19,345.6 1 0
github.com/hrygo/divinesense/plugin/ai/agent/cc_runner.go:346.12,346.12 0 0
github.com/hrygo/divinesense/plugin/ai/agent/cc_runner.go:349.3,349.22 1 0
github.com/hrygo/divinesense/plugin/ai/agent/cc_runner.go:349.22,351.4 1 0
github.com/hrygo/divinesense/plugin/ai/agent/cc_runner.go:352.3,352.13 1 0
github.com/hrygo/divinesense/plugin/ai/agent/cc_runner.go:353.20,355.19 2 0
github.com/hrygo/divinesense/plugin/ai/agent/cc_runner.go:356.17,357.61 1 0
github.com/hrygo/divinesense/plugin/ai/agent/cc_runner.go:363.86,364.18 1 0
github.com/hrygo/divinesense/plugin/ai/agent/cc_runner.go:365.15,366.22 1 0
github.com/hrygo/divinesense/plugin/ai/agent/cc_runner.go:366.22,368.4 1 0
github.com/hrygo/divinesense/plugin/ai/agent/cc_runner.go:369.28,370.48 1 0
github.com/hrygo/divinesense/plugin/ai/agent/cc_runner.go:370.48,371.48 1 0
github.com/hrygo/divinesense/plugin/ai/agent/cc_runner.go:371.48,372.67 1 0
github.com/hrygo/divinesense/plugin/ai/agent/cc_runner.go:372.67,374.6 1 0
github.com/hrygo/divinesense/plugin/ai/agent/cc_runner.go:377.18,378.21 1 0
[...]
github.com/hrygo/divinesense/plugin/textextract/tika.go:327.48,329.4 1 11
github.com/hrygo/divinesense/plugin/textextract/tika.go:331.2,331.14 1 5
github.com/hrygo/divinesense/plugin/textextract/tika.go:335.39,337.2 1 1
github.com/hrygo/divinesense/plugin/textextract/tika.go:340.73,343.47 2 0
github.com/hrygo/divinesense/plugin/textextract/tika.go:343.47,345.3 1 0
github.com/hrygo/divinesense/plugin/textextract/tika.go:348.2,348.37 1 0
github.com/hrygo/divinesense/plugin/textextract/tika.go:352.35,355.2 2 3
github.com/hrygo/divinesense/plugin/textextract/tika.go:358.51,359.48 1 3
github.com/hrygo/divinesense/plugin/textextract/tika.go:359.48,361.3 1 2
github.com/hrygo/divinesense/plugin/textextract/tika.go:364.2,366.31 3 1
github.com/hrygo/divinesense/plugin/textextract/tika.go:366.31,368.3 1 1
github.com/hrygo/divinesense/plugin/textextract/tika.go:370.2,370.21 1 1
github.com/hrygo/divinesense/plugin/textextract/tika.go:374.48,383.2 2 0
github.com/hrygo/divinesense/plugin/textextract/tika.go:386.35,388.51 2 0
github.com/hrygo/divinesense/plugin/textextract/tika.go:388.51,390.3 1 0
github.com/hrygo/divinesense/plugin/textextract/tika.go:391.2,391.10 1 0
github.com/hrygo/divinesense/plugin/textextract/tika.go:395.52,396.9 1 9
github.com/hrygo/divinesense/plugin/textextract/tika.go:397.57,398.15 1 1
github.com/hrygo/divinesense/plugin/textextract/tika.go:399.45,400.16 1 2
github.com/hrygo/divinesense/plugin/textextract/tika.go:401.94,402.17 1 2
github.com/hrygo/divinesense/plugin/textextract/tika.go:403.100,404.22 1 2
github.com/hrygo/divinesense/plugin/textextract/tika.go:405.47,406.16 1 1
github.com/hrygo/divinesense/plugin/textextract/tika.go:407.10,408.19 1 1
github.com/hrygo/divinesense/plugin/textextract/tika.go:413.39,414.23 1 4
github.com/hrygo/divinesense/plugin/textextract/tika.go:414.23,416.3 1 1
github.com/hrygo/divinesense/plugin/textextract/tika.go:417.2,417.23 1 3
github.com/hrygo/divinesense/plugin/textextract/tika.go:417.23,419.3 1 1
github.com/hrygo/divinesense/plugin/textextract/tika.go:421.2,430.33 5 2
github.com/hrygo/divinesense/plugin/textextract/tika.go:430.33,431.24 1 5
github.com/hrygo/divinesense/plugin/textextract/tika.go:431.24,434.4 2 5
github.com/hrygo/divinesense/plugin/textextract/tika.go:435.3,439.37 3 5
github.com/hrygo/divinesense/plugin/textextract/tika.go:439.37,440.32 1 4
github.com/hrygo/divinesense/plugin/textextract/tika.go:440.32,442.5 1 3
github.com/hrygo/divinesense/plugin/textextract/tika.go:446.2,450.15 4 2
github.com/hrygo/divinesense/plugin/webhook/webhook.go:29.56,31.16 2 0
github.com/hrygo/divinesense/plugin/webhook/webhook.go:31.16,33.3 1 0
github.com/hrygo/divinesense/plugin/webhook/webhook.go:35.2,36.16 2 0
github.com/hrygo/divinesense/plugin/webhook/webhook.go:36.16,38.3 1 0
github.com/hrygo/divinesense/plugin/webhook/webhook.go:40.2,45.16 4 0
github.com/hrygo/divinesense/plugin/webhook/webhook.go:45.16,47.3 1 0
github.com/hrygo/divinesense/plugin/webhook/webhook.go:48.2,51.16 3 0
github.com/hrygo/divinesense/plugin/webhook/webhook.go:51.16,53.3 1 0
github.com/hrygo/divinesense/plugin/webhook/webhook.go:55.2,55.52 1 0
github.com/hrygo/divinesense/plugin/webhook/webhook.go:55.52,57.3 1 0
github.com/hrygo/divinesense/plugin/webhook/webhook.go:59.2,63.52 2 0
github.com/hrygo/divinesense/plugin/webhook/webhook.go:63.52,65.3 1 0
github.com/hrygo/divinesense/plugin/webhook/webhook.go:67.2,67.24 1 0
github.com/hrygo/divinesense/plugin/webhook/webhook.go:67.24,69.3 1 0
github.com/hrygo/divinesense/plugin/webhook/webhook.go:71.2,71.12 1 0
github.com/hrygo/divinesense/plugin/webhook/webhook.go:76.55,77.12 1 0
github.com/hrygo/divinesense/plugin/webhook/webhook.go:77.12,78.46 1 0
github.com/hrygo/divinesense/plugin/webhook/webhook.go:78.46,84.4 1 0
github.com/hrygo/divinesense/plugin/email/client.go:16.40,20.2 1 13
github.com/hrygo/divinesense/plugin/email/client.go:23.41,24.21 1 14
github.com/hrygo/divinesense/plugin/email/client.go:24.21,26.3 1 1
github.com/hrygo/divinesense/plugin/email/client.go:27.2,27.28 1 13
github.com/hrygo/divinesense/plugin/email/client.go:31.41,32.64 1 8
github.com/hrygo/divinesense/plugin/email/client.go:32.64,34.3 1 8
github.com/hrygo/divinesense/plugin/email/client.go:35.2,35.92 1 0
github.com/hrygo/divinesense/plugin/email/client.go:39.48,44.2 1 0
github.com/hrygo/divinesense/plugin/email/client.go:47.47,49.43 1 11
github.com/hrygo/divinesense/plugin/email/client.go:49.43,51.3 1 1
github.com/hrygo/divinesense/plugin/email/client.go:54.2,54.20 1 10
github.com/hrygo/divinesense/plugin/email/client.go:54.20,56.3 1 1
github.com/hrygo/divinesense/plugin/email/client.go:57.2,57.43 1 9
github.com/hrygo/divinesense/plugin/email/client.go:57.43,59.3 1 1
github.com/hrygo/divinesense/plugin/email/client.go:62.2,71.21 4 8
github.com/hrygo/divinesense/plugin/email/client.go:71.21,73.3 1 0
github.com/hrygo/divinesense/plugin/email/client.go:74.2,74.46 1 8
github.com/hrygo/divinesense/plugin/email/client.go:78.86,81.21 2 8
github.com/hrygo/divinesense/plugin/email/client.go:81.21,84.3 1 0
github.com/hrygo/divinesense/plugin/email/client.go:87.2,87.86 1 8
github.com/hrygo/divinesense/plugin/email/client.go:91.86,97.16 4 0
github.com/hrygo/divinesense/plugin/email/client.go:97.16,99.3 1 0
github.com/hrygo/divinesense/plugin/email/client.go:100.2,104.16 3 0
github.com/hrygo/divinesense/plugin/email/client.go:104.16,106.3 1 0
github.com/hrygo/divinesense/plugin/email/client.go:107.2,110.17 2 0
github.com/hrygo/divinesense/plugin/email/client.go:110.17,111.43 1 0
github.com/hrygo/divinesense/plugin/email/client.go:111.43,113.4 1 0
github.com/hrygo/divinesense/plugin/email/client.go:117.2,117.56 1 0
github.com/hrygo/divinesense/plugin/email/client.go:117.56,119.3 1 0
github.com/hrygo/divinesense/plugin/email/client.go:122.2,122.39 1 0
github.com/hrygo/divinesense/plugin/email/client.go:122.39,123.48 1 0
github.com/hrygo/divinesense/plugin/email/client.go:123.48,125.4 1 0
github.com/hrygo/divinesense/plugin/email/client.go:129.2,130.16 2 0
github.com/hrygo/divinesense/plugin/email/client.go:130.16,132.3 1 0
github.com/hrygo/divinesense/plugin/email/client.go:134.2,134.54 1 0
github.com/hrygo/divinesense/plugin/email/client.go:134.54,136.3 1 0
github.com/hrygo/divinesense/plugin/email/client.go:138.2,138.39 1 0
github.com/hrygo/divinesense/plugin/email/client.go:138.39,140.3 1 0
github.com/hrygo/divinesense/plugin/email/client.go:142.2,142.12 1 0
github.com/hrygo/divinesense/plugin/email/config.go:23.35,24.22 1 17
github.com/hrygo/divinesense/plugin/email/config.go:24.22,26.3 1 3
github.com/hrygo/divinesense/plugin/email/config.go:27.2,27.43 1 14
github.com/hrygo/divinesense/plugin/email/config.go:27.43,29.3 1 1
github.com/hrygo/divinesense/plugin/email/config.go:30.2,30.23 1 13
github.com/hrygo/divinesense/plugin/email/config.go:30.23,32.3 1 1
github.com/hrygo/divinesense/plugin/email/config.go:33.2,33.12 1 12
github.com/hrygo/divinesense/plugin/email/config.go:37.44,39.2 1 9
github.com/hrygo/divinesense/plugin/email/email.go:11.51,12.19 1 10
github.com/hrygo/divinesense/plugin/email/email.go:12.19,14.3 1 1
github.com/hrygo/divinesense/plugin/email/email.go:15.2,15.20 1 9
github.com/hrygo/divinesense/plugin/email/email.go:15.20,17.3 1 1
github.com/hrygo/divinesense/plugin/email/email.go:19.2,20.29 2 8
github.com/hrygo/divinesense/plugin/email/email.go:26.50,27.12 1 6
github.com/hrygo/divinesense/plugin/email/email.go:27.12,28.47 1 6
github.com/hrygo/divinesense/plugin/email/email.go:28.47,31.45 2 0
github.com/hrygo/divinesense/plugin/email/email.go:31.45,33.28 2 0
github.com/hrygo/divinesense/plugin/email/email.go:33.28,35.6 1 0
github.com/hrygo/divinesense/plugin/email/email.go:38.4,40.28 1 0
github.com/hrygo/divinesense/plugin/email/message.go:22.36,23.20 1 14
github.com/hrygo/divinesense/plugin/email/message.go:23.20,25.3 1 2
github.com/hrygo/divinesense/plugin/email/message.go:26.2,26.21 1 12
github.com/hrygo/divinesense/plugin/email/message.go:26.21,28.3 1 1
github.com/hrygo/divinesense/plugin/email/message.go:29.2,29.18 1 11
github.com/hrygo/divinesense/plugin/email/message.go:29.18,31.3 1 1
github.com/hrygo/divinesense/plugin/email/message.go:32.2,32.12 1 10
github.com/hrygo/divinesense/plugin/email/message.go:36.61,40.20 2 11
github.com/hrygo/divinesense/plugin/email/message.go:40.20,42.3 1 3
github.com/hrygo/divinesense/plugin/email/message.go:42.8,44.3 1 8
github.com/hrygo/divinesense/plugin/email/message.go:47.2,50.19 2 11
github.com/hrygo/divinesense/plugin/email/message.go:50.19,52.3 1 1
github.com/hrygo/divinesense/plugin/email/message.go:55.2,55.21 1 11
github.com/hrygo/divinesense/plugin/email/message.go:55.21,57.3 1 1
github.com/hrygo/divinesense/plugin/email/message.go:60.2,69.14 4 11
github.com/hrygo/divinesense/plugin/email/message.go:69.14,71.3 1 1
github.com/hrygo/divinesense/plugin/email/message.go:71.8,73.3 1 10
github.com/hrygo/divinesense/plugin/email/message.go:76.2,81.20 3 11
github.com/hrygo/divinesense/plugin/email/message.go:85.47,91.2 5 9
github.com/hrygo/divinesense/plugin/scheduler/job.go:39.32,40.18 1 17
github.com/hrygo/divinesense/plugin/scheduler/job.go:40.18,42.3 1 1
github.com/hrygo/divinesense/plugin/scheduler/job.go:44.2,44.22 1 16
github.com/hrygo/divinesense/plugin/scheduler/job.go:44.22,46.3 1 1
github.com/hrygo/divinesense/plugin/scheduler/job.go:49.2,49.59 1 15
github.com/hrygo/divinesense/plugin/scheduler/job.go:49.59,51.3 1 1
github.com/hrygo/divinesense/plugin/scheduler/job.go:53.2,53.22 1 14
github.com/hrygo/divinesense/plugin/scheduler/job.go:53.22,55.3 1 1
github.com/hrygo/divinesense/plugin/scheduler/job.go:57.2,57.12 1 13
github.com/hrygo/divinesense/plugin/scheduler/middleware.go:15.50,16.45 1 5
github.com/hrygo/divinesense/plugin/scheduler/middleware.go:16.45,18.46 1 6
github.com/hrygo/divinesense/plugin/scheduler/middleware.go:18.46,20.4 1 12
github.com/hrygo/divinesense/plugin/scheduler/middleware.go:21.3,21.17 1 6
github.com/hrygo/divinesense/plugin/scheduler/middleware.go:26.79,27.42 1 4
github.com/hrygo/divinesense/plugin/scheduler/middleware.go:27.42,28.48 1 5
github.com/hrygo/divinesense/plugin/scheduler/middleware.go:28.48,29.17 1 12
github.com/hrygo/divinesense/plugin/scheduler/middleware.go:29.17,30.33 1 12
github.com/hrygo/divinesense/plugin/scheduler/middleware.go:30.33,32.24 2 3
github.com/hrygo/divinesense/plugin/scheduler/middleware.go:32.24,34.7 1 3
github.com/hrygo/divinesense/plugin/scheduler/middleware.go:35.6,35.60 1 3
github.com/hrygo/divinesense/plugin/scheduler/middleware.go:38.4,38.20 1 12
github.com/hrygo/divinesense/plugin/scheduler/middleware.go:50.40,51.42 1 4
github.com/hrygo/divinesense/plugin/scheduler/middleware.go:51.42,52.42 1 6
github.com/hrygo/divinesense/plugin/scheduler/middleware.go:52.42,61.18 6 12
github.com/hrygo/divinesense/plugin/scheduler/middleware.go:61.18,63.5 1 2
github.com/hrygo/divinesense/plugin/scheduler/middleware.go:63.10,65.5 1 10
github.com/hrygo/divinesense/plugin/scheduler/middleware.go:67.4,67.14 1 12
github.com/hrygo/divinesense/plugin/scheduler/middleware.go:73.49,74.42 1 1
github.com/hrygo/divinesense/plugin/scheduler/middleware.go:74.42,75.42 1 2
github.com/hrygo/divinesense/plugin/scheduler/middleware.go:75.42,80.14 4 8
github.com/hrygo/divinesense/plugin/scheduler/middleware.go:80.14,82.5 1 8
github.com/hrygo/divinesense/plugin/scheduler/middleware.go:84.4,84.11 1 8
github.com/hrygo/divinesense/plugin/scheduler/middleware.go:85.23,86.15 1 8
github.com/hrygo/divinesense/plugin/scheduler/middleware.go:87.22,88.81 1 0
github.com/hrygo/divinesense/plugin/scheduler/middleware.go:102.68,104.2 1 29
github.com/hrygo/divinesense/plugin/scheduler/middleware.go:107.45,108.52 1 15
github.com/hrygo/divinesense/plugin/scheduler/middleware.go:108.52,110.3 1 15
github.com/hrygo/divinesense/plugin/scheduler/middleware.go:111.2,111.18 1 0
github.com/hrygo/divinesense/plugin/scheduler/middleware.go:118.45,120.2 1 0
github.com/hrygo/divinesense/plugin/scheduler/parser.go:29.58,30.16 1 52
github.com/hrygo/divinesense/plugin/scheduler/parser.go:30.16,32.3 1 1
github.com/hrygo/divinesense/plugin/scheduler/parser.go:34.2,35.42 2 51
github.com/hrygo/divinesense/plugin/scheduler/parser.go:35.42,37.3 1 4
github.com/hrygo/divinesense/plugin/scheduler/parser.go:39.2,47.15 4 47
github.com/hrygo/divinesense/plugin/scheduler/parser.go:47.15,49.17 2 22
github.com/hrygo/divinesense/plugin/scheduler/parser.go:49.17,51.4 1 0
github.com/hrygo/divinesense/plugin/scheduler/parser.go:52.3,52.13 1 22
github.com/hrygo/divinesense/plugin/scheduler/parser.go:53.8,55.3 1 25
github.com/hrygo/divinesense/plugin/scheduler/parser.go:58.2,59.16 2 47
github.com/hrygo/divinesense/plugin/scheduler/parser.go:59.16,61.3 1 1
github.com/hrygo/divinesense/plugin/scheduler/parser.go:64.2,65.16 2 46
github.com/hrygo/divinesense/plugin/scheduler/parser.go:65.16,67.3 1 1
github.com/hrygo/divinesense/plugin/scheduler/parser.go:70.2,71.16 2 45
github.com/hrygo/divinesense/plugin/scheduler/parser.go:71.16,73.3 1 1
github.com/hrygo/divinesense/plugin/scheduler/parser.go:76.2,77.16 2 44
github.com/hrygo/divinesense/plugin/scheduler/parser.go:77.16,79.3 1 1
github.com/hrygo/divinesense/plugin/scheduler/parser.go:82.2,83.16 2 43
github.com/hrygo/divinesense/plugin/scheduler/parser.go:83.16,85.3 1 1
github.com/hrygo/divinesense/plugin/scheduler/parser.go:87.2,87.15 1 42
github.com/hrygo/divinesense/plugin/scheduler/parser.go:91.51,93.15 1 44
github.com/hrygo/divinesense/plugin/scheduler/parser.go:93.15,95.3 1 36
github.com/hrygo/divinesense/plugin/scheduler/parser.go:95.8,97.3 1 8
github.com/hrygo/divinesense/plugin/scheduler/parser.go:100.2,102.27 2 44
github.com/hrygo/divinesense/plugin/scheduler/parser.go:102.27,103.22 1 2592
github.com/hrygo/divinesense/plugin/scheduler/parser.go:103.22,105.4 1 44
github.com/hrygo/divinesense/plugin/scheduler/parser.go:108.3,108.16 1 2548
github.com/hrygo/divinesense/plugin/scheduler/parser.go:108.16,110.4 1 12
github.com/hrygo/divinesense/plugin/scheduler/parser.go:110.9,112.4 1 2536
github.com/hrygo/divinesense/plugin/scheduler/parser.go:116.2,116.20 1 0
github.com/hrygo/divinesense/plugin/scheduler/parser.go:120.46,126.2 1 2592
github.com/hrygo/divinesense/plugin/scheduler/parser.go:129.67,131.18 1 247
github.com/hrygo/divinesense/plugin/scheduler/parser.go:131.18,133.3 1 197
github.com/hrygo/divinesense/plugin/scheduler/parser.go:136.2,136.36 1 50
github.com/hrygo/divinesense/plugin/scheduler/parser.go:136.36,138.43 2 9
github.com/hrygo/divinesense/plugin/scheduler/parser.go:138.43,140.4 1 0
github.com/hrygo/divinesense/plugin/scheduler/parser.go:141.3,141.59 1 9
github.com/hrygo/divinesense/plugin/scheduler/parser.go:145.2,145.34 1 41
github.com/hrygo/divinesense/plugin/scheduler/parser.go:145.34,148.27 3 1
github.com/hrygo/divinesense/plugin/scheduler/parser.go:148.27,150.44 2 3
github.com/hrygo/divinesense/plugin/scheduler/parser.go:150.44,152.5 1 0
github.com/hrygo/divinesense/plugin/scheduler/parser.go:153.4,153.32 1 3
github.com/hrygo/divinesense/plugin/scheduler/parser.go:155.3,155.43 1 1
github.com/hrygo/divinesense/plugin/scheduler/parser.go:159.2,159.34 1 40
github.com/hrygo/divinesense/plugin/scheduler/parser.go:159.34,161.22 2 1
github.com/hrygo/divinesense/plugin/scheduler/parser.go:161.22,163.4 1 0
github.com/hrygo/divinesense/plugin/scheduler/parser.go:164.3,166.76 3 1
github.com/hrygo/divinesense/plugin/scheduler/parser.go:166.76,168.4 1 0
github.com/hrygo/divinesense/plugin/scheduler/parser.go:169.3,169.52 1 1
github.com/hrygo/divinesense/plugin/scheduler/parser.go:173.2,174.42 2 39
github.com/hrygo/divinesense/plugin/scheduler/parser.go:174.42,176.3 1 5
github.com/hrygo/divinesense/plugin/scheduler/parser.go:177.2,177.39 1 34
github.com/hrygo/divinesense/plugin/scheduler/parser.go:183.45,185.2 1 190
github.com/hrygo/divinesense/plugin/scheduler/parser.go:192.48,194.2 1 5121
github.com/hrygo/divinesense/plugin/scheduler/parser.go:201.48,203.2 1 0
github.com/hrygo/divinesense/plugin/scheduler/parser.go:210.47,211.29 1 0
github.com/hrygo/divinesense/plugin/scheduler/parser.go:211.29,212.17 1 0
github.com/hrygo/divinesense/plugin/scheduler/parser.go:212.17,214.4 1 0
github.com/hrygo/divinesense/plugin/scheduler/parser.go:216.2,216.14 1 0
github.com/hrygo/divinesense/plugin/scheduler/parser.go:224.47,225.36 1 31
github.com/hrygo/divinesense/plugin/scheduler/parser.go:225.36,227.3 1 0
github.com/hrygo/divinesense/plugin/scheduler/parser.go:228.2,228.34 1 31
github.com/hrygo/divinesense/plugin/scheduler/scheduler.go:33.37,34.28 1 2
github.com/hrygo/divinesense/plugin/scheduler/scheduler.go:34.28,36.17 2 2
github.com/hrygo/divinesense/plugin/scheduler/scheduler.go:36.17,39.4 1 0
github.com/hrygo/divinesense/plugin/scheduler/scheduler.go:40.3,40.19 1 2
github.com/hrygo/divinesense/plugin/scheduler/scheduler.go:45.46,46.28 1 4
github.com/hrygo/divinesense/plugin/scheduler/scheduler.go:46.28,47.18 1 4
github.com/hrygo/divinesense/plugin/scheduler/scheduler.go:47.18,49.4 1 4
github.com/hrygo/divinesense/plugin/scheduler/scheduler.go:54.37,61.27 2 10
github.com/hrygo/divinesense/plugin/scheduler/scheduler.go:61.27,63.3 1 6
github.com/hrygo/divinesense/plugin/scheduler/scheduler.go:65.2,65.10 1 10
github.com/hrygo/divinesense/plugin/scheduler/scheduler.go:70.46,71.16 1 12
github.com/hrygo/divinesense/plugin/scheduler/scheduler.go:71.16,73.3 1 0
github.com/hrygo/divinesense/plugin/scheduler/scheduler.go:75.2,75.39 1 12
github.com/hrygo/divinesense/plugin/scheduler/scheduler.go:75.39,77.3 1 0
github.com/hrygo/divinesense/plugin/scheduler/scheduler.go:79.2,82.43 3 12
github.com/hrygo/divinesense/plugin/scheduler/scheduler.go:82.43,84.3 1 1
github.com/hrygo/divinesense/plugin/scheduler/scheduler.go:86.2,87.12 2 11
github.com/hrygo/divinesense/plugin/scheduler/scheduler.go:91.35,95.15 3 7
github.com/hrygo/divinesense/plugin/scheduler/scheduler.go:95.15,97.3 1 0
github.com/hrygo/divinesense/plugin/scheduler/scheduler.go:99.2,103.28 3 7
github.com/hrygo/divinesense/plugin/scheduler/scheduler.go:103.28,105.17 2 10
github.com/hrygo/divinesense/plugin/scheduler/scheduler.go:105.17,107.4 1 0
github.com/hrygo/divinesense/plugin/scheduler/scheduler.go:109.3,113.45 4 10
github.com/hrygo/divinesense/plugin/scheduler/scheduler.go:116.2,117.12 2 7
github.com/hrygo/divinesense/plugin/scheduler/scheduler.go:121.100,126.25 3 10
github.com/hrygo/divinesense/plugin/scheduler/scheduler.go:126.25,128.3 1 5
github.com/hrygo/divinesense/plugin/scheduler/scheduler.go:130.2,130.6 1 10
github.com/hrygo/divinesense/plugin/scheduler/scheduler.go:130.6,133.28 2 36
github.com/hrygo/divinesense/plugin/scheduler/scheduler.go:133.28,135.18 2 0
github.com/hrygo/divinesense/plugin/scheduler/scheduler.go:135.18,137.5 1 0
github.com/hrygo/divinesense/plugin/scheduler/scheduler.go:138.9,138.31 1 36
github.com/hrygo/divinesense/plugin/scheduler/scheduler.go:138.31,140.4 1 36
github.com/hrygo/divinesense/plugin/scheduler/scheduler.go:142.3,147.10 4 36
github.com/hrygo/divinesense/plugin/scheduler/scheduler.go:148.18,151.42 2 26
github.com/hrygo/divinesense/plugin/scheduler/scheduler.go:151.42,154.5 1 4
github.com/hrygo/divinesense/plugin/scheduler/scheduler.go:155.21,158.10 2 10
github.com/hrygo/divinesense/plugin/scheduler/scheduler.go:159.19,162.10 2 0
github.com/hrygo/divinesense/plugin/scheduler/scheduler.go:169.53,171.16 2 7
github.com/hrygo/divinesense/plugin/scheduler/scheduler.go:171.16,174.3 2 0
github.com/hrygo/divinesense/plugin/scheduler/scheduler.go:175.2,180.28 4 7
github.com/hrygo/divinesense/plugin/scheduler/scheduler.go:180.28,181.25 1 10
github.com/hrygo/divinesense/plugin/scheduler/scheduler.go:181.25,183.4 1 10
github.com/hrygo/divinesense/plugin/scheduler/scheduler.go:185.2,191.12 4 7
github.com/hrygo/divinesense/plugin/scheduler/scheduler.go:191.12,194.3 2 7
github.com/hrygo/divinesense/plugin/scheduler/scheduler.go:196.2,196.9 1 7
github.com/hrygo/divinesense/plugin/scheduler/scheduler.go:197.14,198.13 1 7
github.com/hrygo/divinesense/plugin/scheduler/scheduler.go:199.20,200.19 1 0
